2022-12-19 03:50:24,528 [Worker-8: Loading available Gradle versions] INFO  o.e.b.c.i.u.g.PublishedGradleVersions - Gradle version information cache is up-to-date. Trying to read.
2022-12-19 03:51:52,993 [Worker-1: Importing Maven projects] INFO  o.e.m.c.i.l.LifecycleMappingFactory - Using org.eclipse.m2e.jdt.JarLifecycleMapping lifecycle mapping for MavenProject: com.example:spring-boot-complete:0.0.1-SNAPSHOT @ /Users/hdiniz/Desktop/WorkRedis/ServiceMiddlewareRedis/ServiceMiddlewareCEPRedis/pom.xml.
2022-12-19 03:51:55,204 [Worker-1: Importing Maven projects] ERROR o.e.m2e.jdt.internal.ModuleSupport - null
org.eclipse.jdt.internal.compiler.classfmt.ClassFormatException: null
	at org.eclipse.jdt.internal.compiler.classfmt.ClassFileReader.<init>(ClassFileReader.java:486)
	at org.eclipse.jdt.internal.compiler.classfmt.ClassFileReader.<init>(ClassFileReader.java:184)
	at org.eclipse.jdt.internal.compiler.classfmt.ClassFileReader.read(ClassFileReader.java:162)
	at org.eclipse.jdt.internal.compiler.classfmt.ClassFileReader.read(ClassFileReader.java:133)
	at org.eclipse.m2e.jdt.internal.ModuleSupport.getModuleInfo(ModuleSupport.java:246)
	at org.eclipse.m2e.jdt.internal.ModuleSupport.getModuleInfo(ModuleSupport.java:190)
	at org.eclipse.m2e.jdt.internal.ModuleSupport.configureClasspath(ModuleSupport.java:121)
	at org.eclipse.m2e.jdt.internal.AbstractJavaProjectConfigurator.configureClasspath(AbstractJavaProjectConfigurator.java:800)
	at org.eclipse.m2e.jdt.internal.DefaultClasspathManagerDelegate.populateClasspath(DefaultClasspathManagerDelegate.java:67)
	at org.eclipse.m2e.jdt.internal.BuildPathManager.getClasspath(BuildPathManager.java:269)
	at org.eclipse.m2e.jdt.internal.BuildPathManager.getClasspath(BuildPathManager.java:386)
	at org.eclipse.m2e.jdt.internal.BuildPathManager.getClasspath(BuildPathManager.java:366)
	at org.eclipse.m2e.jdt.internal.BuildPathManager.getClasspath(BuildPathManager.java:394)
	at org.eclipse.m2e.jdt.internal.BuildPathManager.updateClasspath(BuildPathManager.java:207)
	at org.eclipse.m2e.jdt.internal.BuildPathManager.mavenProjectChanged(BuildPathManager.java:196)
	at org.eclipse.m2e.core.internal.project.registry.ProjectRegistryManager.notifyProjectChangeListeners(ProjectRegistryManager.java:824)
	at org.eclipse.m2e.core.internal.project.registry.ProjectRegistryManager.applyMutableProjectRegistry(ProjectRegistryManager.java:990)
	at org.eclipse.m2e.core.internal.project.registry.ProjectRegistryManager.refresh(ProjectRegistryManager.java:317)
	at org.eclipse.m2e.core.internal.project.ProjectConfigurationManager.configureNewMavenProjects(ProjectConfigurationManager.java:267)
	at org.eclipse.m2e.core.internal.project.ProjectConfigurationManager.lambda$0(ProjectConfigurationManager.java:176)
	at org.eclipse.m2e.core.internal.embedder.MavenExecutionContext.executeBare(MavenExecutionContext.java:179)
	at org.eclipse.m2e.core.internal.embedder.MavenExecutionContext.execute(MavenExecutionContext.java:153)
	at org.eclipse.m2e.core.internal.embedder.MavenExecutionContext.execute(MavenExecutionContext.java:101)
	at org.eclipse.m2e.core.internal.embedder.MavenImpl.execute(MavenImpl.java:1374)
	at org.eclipse.m2e.core.internal.project.ProjectConfigurationManager.importProjects(ProjectConfigurationManager.java:146)
	at org.eclipse.m2e.core.ui.internal.wizards.ImportMavenProjectsJob$1.doCreateMavenProjects(ImportMavenProjectsJob.java:70)
	at org.eclipse.m2e.core.ui.internal.wizards.AbstractCreateMavenProjectsOperation.run(AbstractCreateMavenProjectsOperation.java:75)
	at org.eclipse.m2e.core.ui.internal.wizards.ImportMavenProjectsJob.runInWorkspace(ImportMavenProjectsJob.java:79)
	at org.eclipse.core.internal.resources.InternalWorkspaceJob.run(InternalWorkspaceJob.java:42)
	at org.eclipse.core.internal.jobs.Worker.run(Worker.java:63)
2022-12-19 03:51:56,067 [Worker-1: Importing Maven projects] INFO  o.e.m.j.i.AbstractJavaProjectConfigurator - Adding source folder /ServiceMiddlewareCEPRedis/src/main/java
2022-12-19 03:51:56,068 [Worker-1: Importing Maven projects] INFO  o.e.m.j.i.AbstractJavaProjectConfigurator - Adding resource folder /ServiceMiddlewareCEPRedis/src/main/resources
2022-12-19 03:51:56,069 [Worker-1: Importing Maven projects] INFO  o.e.m.j.i.AbstractJavaProjectConfigurator - Adding resource folder /ServiceMiddlewareCEPRedis/src/main/resources
2022-12-19 03:51:56,070 [Worker-1: Importing Maven projects] INFO  o.e.m.j.i.AbstractJavaProjectConfigurator - Adding source folder /ServiceMiddlewareCEPRedis/src/test/java
2022-12-19 03:51:56,251 [Worker-1: Importing Maven projects] ERROR o.e.m2e.jdt.internal.ModuleSupport - null
org.eclipse.jdt.internal.compiler.classfmt.ClassFormatException: null
	at org.eclipse.jdt.internal.compiler.classfmt.ClassFileReader.<init>(ClassFileReader.java:486)
	at org.eclipse.jdt.internal.compiler.classfmt.ClassFileReader.<init>(ClassFileReader.java:184)
	at org.eclipse.jdt.internal.compiler.classfmt.ClassFileReader.read(ClassFileReader.java:162)
	at org.eclipse.jdt.internal.compiler.classfmt.ClassFileReader.read(ClassFileReader.java:133)
	at org.eclipse.m2e.jdt.internal.ModuleSupport.getModuleInfo(ModuleSupport.java:246)
	at org.eclipse.m2e.jdt.internal.ModuleSupport.getModuleInfo(ModuleSupport.java:190)
	at org.eclipse.m2e.jdt.internal.ModuleSupport.configureClasspath(ModuleSupport.java:121)
	at org.eclipse.m2e.jdt.internal.AbstractJavaProjectConfigurator.configureClasspath(AbstractJavaProjectConfigurator.java:800)
	at org.eclipse.m2e.jdt.internal.DefaultClasspathManagerDelegate.populateClasspath(DefaultClasspathManagerDelegate.java:67)
	at org.eclipse.m2e.jdt.internal.BuildPathManager.getClasspath(BuildPathManager.java:269)
	at org.eclipse.m2e.jdt.internal.BuildPathManager.getClasspath(BuildPathManager.java:386)
	at org.eclipse.m2e.jdt.internal.BuildPathManager.getClasspath(BuildPathManager.java:366)
	at org.eclipse.m2e.jdt.internal.BuildPathManager.getClasspath(BuildPathManager.java:394)
	at org.eclipse.m2e.jdt.internal.BuildPathManager.updateClasspath(BuildPathManager.java:207)
	at org.eclipse.m2e.jdt.internal.AbstractJavaProjectConfigurator.configure(AbstractJavaProjectConfigurator.java:180)
	at org.eclipse.m2e.core.project.configurator.AbstractLifecycleMapping.configure(AbstractLifecycleMapping.java:122)
	at org.eclipse.m2e.core.internal.project.ProjectConfigurationManager.lambda$2(ProjectConfigurationManager.java:511)
	at org.eclipse.m2e.core.internal.embedder.MavenExecutionContext.executeBare(MavenExecutionContext.java:179)
	at org.eclipse.m2e.core.internal.embedder.MavenExecutionContext.execute(MavenExecutionContext.java:153)
	at org.eclipse.m2e.core.internal.project.ProjectConfigurationManager.updateProjectConfiguration(ProjectConfigurationManager.java:505)
	at org.eclipse.m2e.core.internal.project.ProjectConfigurationManager.configureNewMavenProjects(ProjectConfigurationManager.java:296)
	at org.eclipse.m2e.core.internal.project.ProjectConfigurationManager.lambda$0(ProjectConfigurationManager.java:176)
	at org.eclipse.m2e.core.internal.embedder.MavenExecutionContext.executeBare(MavenExecutionContext.java:179)
	at org.eclipse.m2e.core.internal.embedder.MavenExecutionContext.execute(MavenExecutionContext.java:153)
	at org.eclipse.m2e.core.internal.embedder.MavenExecutionContext.execute(MavenExecutionContext.java:101)
	at org.eclipse.m2e.core.internal.embedder.MavenImpl.execute(MavenImpl.java:1374)
	at org.eclipse.m2e.core.internal.project.ProjectConfigurationManager.importProjects(ProjectConfigurationManager.java:146)
	at org.eclipse.m2e.core.ui.internal.wizards.ImportMavenProjectsJob$1.doCreateMavenProjects(ImportMavenProjectsJob.java:70)
	at org.eclipse.m2e.core.ui.internal.wizards.AbstractCreateMavenProjectsOperation.run(AbstractCreateMavenProjectsOperation.java:75)
	at org.eclipse.m2e.core.ui.internal.wizards.ImportMavenProjectsJob.runInWorkspace(ImportMavenProjectsJob.java:79)
	at org.eclipse.core.internal.resources.InternalWorkspaceJob.run(InternalWorkspaceJob.java:42)
	at org.eclipse.core.internal.jobs.Worker.run(Worker.java:63)
2022-12-19 03:51:56,586 [Worker-1: Importing Maven projects] INFO  o.e.m.c.i.p.ProjectConfigurationManager - Imported and configured 1 project(s) in 9 sec
2022-12-19 03:52:00,545 [Worker-14: Building] INFO  o.e.m.c.i.embedder.EclipseLogger - Using 'UTF-8' encoding to copy filtered resources.
2022-12-19 03:52:00,546 [Worker-14: Building] INFO  o.e.m.c.i.embedder.EclipseLogger - Using 'UTF-8' encoding to copy filtered properties files.
2022-12-19 03:52:00,564 [Worker-14: Building] INFO  o.e.m.c.i.embedder.EclipseLogger - Copying 1 resource
2022-12-19 03:52:00,609 [Worker-14: Building] INFO  o.e.m.c.i.embedder.EclipseLogger - Copying 0 resource
2022-12-19 03:52:00,617 [Worker-14: Building] INFO  o.e.m.c.i.embedder.EclipseLogger - Using 'UTF-8' encoding to copy filtered resources.
2022-12-19 03:52:00,617 [Worker-14: Building] INFO  o.e.m.c.i.embedder.EclipseLogger - Using 'UTF-8' encoding to copy filtered properties files.
2022-12-19 03:52:00,617 [Worker-14: Building] INFO  o.e.m.c.i.embedder.EclipseLogger - skip non existing resourceDirectory /Users/hdiniz/Desktop/WorkRedis/ServiceMiddlewareRedis/ServiceMiddlewareCEPRedis/src/test/resources
2022-12-20 11:05:28,070 [Worker-4: Loading available Gradle versions] INFO  o.e.b.c.i.u.g.PublishedGradleVersions - Gradle version information cache is out-of-date. Trying to update.
2022-12-20 11:07:49,339 [Worker-7: Building] INFO  o.e.m.c.i.embedder.EclipseLogger - Using 'UTF-8' encoding to copy filtered resources.
2022-12-20 11:07:49,340 [Worker-7: Building] INFO  o.e.m.c.i.embedder.EclipseLogger - Using 'UTF-8' encoding to copy filtered properties files.
2022-12-20 11:07:49,352 [Worker-7: Building] INFO  o.e.m.c.i.embedder.EclipseLogger - Copying 1 resource
2022-12-20 11:07:49,417 [Worker-7: Building] INFO  o.e.m.c.i.embedder.EclipseLogger - Copying 0 resource
2022-12-20 11:07:49,425 [Worker-7: Building] INFO  o.e.m.c.i.embedder.EclipseLogger - Using 'UTF-8' encoding to copy filtered resources.
2022-12-20 11:07:49,426 [Worker-7: Building] INFO  o.e.m.c.i.embedder.EclipseLogger - Using 'UTF-8' encoding to copy filtered properties files.
2022-12-20 11:07:49,426 [Worker-7: Building] INFO  o.e.m.c.i.embedder.EclipseLogger - skip non existing resourceDirectory /Users/hdiniz/Desktop/WorkRedis/ServiceMiddlewareRedis/ServiceMiddlewareCEPRedis/src/test/resources
2022-12-20 11:10:17,879 [Worker-11: Building] INFO  o.e.m.c.i.embedder.EclipseLogger - Using 'UTF-8' encoding to copy filtered resources.
2022-12-20 11:10:17,880 [Worker-11: Building] INFO  o.e.m.c.i.embedder.EclipseLogger - Using 'UTF-8' encoding to copy filtered properties files.
2022-12-20 11:10:17,889 [Worker-11: Building] INFO  o.e.m.c.i.embedder.EclipseLogger - Copying 1 resource
2022-12-20 11:10:17,901 [Worker-11: Building] INFO  o.e.m.c.i.embedder.EclipseLogger - Copying 0 resource
2022-12-20 11:10:17,906 [Worker-11: Building] INFO  o.e.m.c.i.embedder.EclipseLogger - Using 'UTF-8' encoding to copy filtered resources.
2022-12-20 11:10:17,907 [Worker-11: Building] INFO  o.e.m.c.i.embedder.EclipseLogger - Using 'UTF-8' encoding to copy filtered properties files.
2022-12-20 11:10:17,907 [Worker-11: Building] INFO  o.e.m.c.i.embedder.EclipseLogger - skip non existing resourceDirectory /Users/hdiniz/Desktop/WorkRedis/ServiceMiddlewareRedis/ServiceMiddlewareCEPRedis/src/test/resources
2022-12-20 11:11:32,880 [Worker-8: Building] INFO  o.e.m.c.i.embedder.EclipseLogger - Using 'UTF-8' encoding to copy filtered resources.
2022-12-20 11:11:32,881 [Worker-8: Building] INFO  o.e.m.c.i.embedder.EclipseLogger - Using 'UTF-8' encoding to copy filtered properties files.
2022-12-20 11:11:32,882 [Worker-8: Building] INFO  o.e.m.c.i.embedder.EclipseLogger - Copying 1 resource
2022-12-20 11:11:32,888 [Worker-8: Building] INFO  o.e.m.c.i.embedder.EclipseLogger - Copying 0 resource
2022-12-20 11:11:32,893 [Worker-8: Building] INFO  o.e.m.c.i.embedder.EclipseLogger - Using 'UTF-8' encoding to copy filtered resources.
2022-12-20 11:11:32,894 [Worker-8: Building] INFO  o.e.m.c.i.embedder.EclipseLogger - Using 'UTF-8' encoding to copy filtered properties files.
2022-12-20 11:11:32,894 [Worker-8: Building] INFO  o.e.m.c.i.embedder.EclipseLogger - skip non existing resourceDirectory /Users/hdiniz/Desktop/WorkRedis/ServiceMiddlewareRedis/ServiceMiddlewareCEPRedis/src/test/resources
2022-12-20 11:13:10,807 [Worker-10: Building] INFO  o.e.m.c.i.embedder.EclipseLogger - Using 'UTF-8' encoding to copy filtered resources.
2022-12-20 11:13:10,807 [Worker-10: Building] INFO  o.e.m.c.i.embedder.EclipseLogger - Using 'UTF-8' encoding to copy filtered properties files.
2022-12-20 11:13:10,808 [Worker-10: Building] INFO  o.e.m.c.i.embedder.EclipseLogger - Copying 1 resource
2022-12-20 11:13:10,814 [Worker-10: Building] INFO  o.e.m.c.i.embedder.EclipseLogger - Copying 0 resource
2022-12-20 11:13:10,817 [Worker-10: Building] INFO  o.e.m.c.i.embedder.EclipseLogger - Using 'UTF-8' encoding to copy filtered resources.
2022-12-20 11:13:10,817 [Worker-10: Building] INFO  o.e.m.c.i.embedder.EclipseLogger - Using 'UTF-8' encoding to copy filtered properties files.
2022-12-20 11:13:10,818 [Worker-10: Building] INFO  o.e.m.c.i.embedder.EclipseLogger - skip non existing resourceDirectory /Users/hdiniz/Desktop/WorkRedis/ServiceMiddlewareRedis/ServiceMiddlewareCEPRedis/src/test/resources
2022-12-20 11:15:14,426 [Worker-1: Building] INFO  o.e.m.c.i.embedder.EclipseLogger - Using 'UTF-8' encoding to copy filtered resources.
2022-12-20 11:15:14,427 [Worker-1: Building] INFO  o.e.m.c.i.embedder.EclipseLogger - Using 'UTF-8' encoding to copy filtered properties files.
2022-12-20 11:15:14,429 [Worker-1: Building] INFO  o.e.m.c.i.embedder.EclipseLogger - Copying 1 resource
2022-12-20 11:15:14,476 [Worker-1: Building] INFO  o.e.m.c.i.embedder.EclipseLogger - Copying 0 resource
2022-12-20 11:15:14,491 [Worker-1: Building] INFO  o.e.m.c.i.embedder.EclipseLogger - Using 'UTF-8' encoding to copy filtered resources.
2022-12-20 11:15:14,491 [Worker-1: Building] INFO  o.e.m.c.i.embedder.EclipseLogger - Using 'UTF-8' encoding to copy filtered properties files.
2022-12-20 11:15:14,492 [Worker-1: Building] INFO  o.e.m.c.i.embedder.EclipseLogger - skip non existing resourceDirectory /Users/hdiniz/Desktop/WorkRedis/ServiceMiddlewareRedis/ServiceMiddlewareCEPRedis/src/test/resources
2022-12-20 11:15:53,843 [Worker-5: Building] INFO  o.e.m.c.i.embedder.EclipseLogger - Using 'UTF-8' encoding to copy filtered resources.
2022-12-20 11:15:53,844 [Worker-5: Building] INFO  o.e.m.c.i.embedder.EclipseLogger - Using 'UTF-8' encoding to copy filtered properties files.
2022-12-20 11:15:53,846 [Worker-5: Building] INFO  o.e.m.c.i.embedder.EclipseLogger - Copying 1 resource
2022-12-20 11:15:53,886 [Worker-5: Building] INFO  o.e.m.c.i.embedder.EclipseLogger - Copying 0 resource
2022-12-20 11:15:53,892 [Worker-5: Building] INFO  o.e.m.c.i.embedder.EclipseLogger - Using 'UTF-8' encoding to copy filtered resources.
2022-12-20 11:15:53,892 [Worker-5: Building] INFO  o.e.m.c.i.embedder.EclipseLogger - Using 'UTF-8' encoding to copy filtered properties files.
2022-12-20 11:15:53,892 [Worker-5: Building] INFO  o.e.m.c.i.embedder.EclipseLogger - skip non existing resourceDirectory /Users/hdiniz/Desktop/WorkRedis/ServiceMiddlewareRedis/ServiceMiddlewareCEPRedis/src/test/resources
2022-12-20 11:16:30,142 [Worker-1: Launching ServiceMiddlewareCEPRedis - Application] ERROR o.e.m2e.jdt.internal.ModuleSupport - null
org.eclipse.jdt.internal.compiler.classfmt.ClassFormatException: null
	at org.eclipse.jdt.internal.compiler.classfmt.ClassFileReader.<init>(ClassFileReader.java:486)
	at org.eclipse.jdt.internal.compiler.classfmt.ClassFileReader.<init>(ClassFileReader.java:184)
	at org.eclipse.jdt.internal.compiler.classfmt.ClassFileReader.read(ClassFileReader.java:162)
	at org.eclipse.jdt.internal.compiler.classfmt.ClassFileReader.read(ClassFileReader.java:133)
	at org.eclipse.m2e.jdt.internal.ModuleSupport.getModuleInfo(ModuleSupport.java:246)
	at org.eclipse.m2e.jdt.internal.ModuleSupport.getModuleInfo(ModuleSupport.java:190)
	at org.eclipse.m2e.jdt.internal.ModuleSupport.configureClasspath(ModuleSupport.java:121)
	at org.eclipse.m2e.jdt.internal.AbstractJavaProjectConfigurator.configureClasspath(AbstractJavaProjectConfigurator.java:800)
	at org.eclipse.m2e.jdt.internal.DefaultClasspathManagerDelegate.populateClasspath(DefaultClasspathManagerDelegate.java:67)
	at org.eclipse.m2e.jdt.internal.BuildPathManager.getClasspath(BuildPathManager.java:269)
	at org.eclipse.m2e.jdt.internal.BuildPathManager.getClasspath(BuildPathManager.java:386)
	at org.eclipse.m2e.jdt.internal.launch.MavenRuntimeClasspathProvider.addMavenClasspathEntries(MavenRuntimeClasspathProvider.java:205)
	at org.eclipse.m2e.jdt.internal.launch.MavenRuntimeClasspathProvider.resolveClasspath0(MavenRuntimeClasspathProvider.java:176)
	at org.eclipse.m2e.jdt.internal.launch.MavenRuntimeClasspathProvider.lambda$1(MavenRuntimeClasspathProvider.java:158)
	at org.eclipse.m2e.core.internal.embedder.MavenExecutionContext.executeBare(MavenExecutionContext.java:179)
	at org.eclipse.m2e.core.internal.embedder.MavenExecutionContext.execute(MavenExecutionContext.java:153)
	at org.eclipse.m2e.core.internal.embedder.MavenExecutionContext.execute(MavenExecutionContext.java:101)
	at org.eclipse.m2e.core.internal.embedder.MavenImpl.execute(MavenImpl.java:1374)
	at org.eclipse.m2e.jdt.internal.launch.MavenRuntimeClasspathProvider.resolveClasspath(MavenRuntimeClasspathProvider.java:158)
	at org.springframework.ide.eclipse.boot.launch.BootMavenClassPathProvider.resolveClasspath(BootMavenClassPathProvider.java:24)
	at org.eclipse.jdt.internal.launching.RuntimeClasspathProvider.resolveClasspath(RuntimeClasspathProvider.java:68)
	at org.eclipse.jdt.launching.JavaRuntime.resolveRuntimeClasspath(JavaRuntime.java:1662)
	at org.eclipse.jdt.launching.AbstractJavaLaunchConfigurationDelegate.getClasspath(AbstractJavaLaunchConfigurationDelegate.java:432)
	at org.springframework.ide.eclipse.boot.launch.AbstractBootLaunchConfigurationDelegate.getClasspath(AbstractBootLaunchConfigurationDelegate.java:414)
	at org.springframework.ide.eclipse.boot.launch.BootLaunchConfigurationDelegate.getClasspath(BootLaunchConfigurationDelegate.java:589)
	at org.eclipse.jdt.launching.JavaLaunchDelegate.getVMRunnerConfiguration(JavaLaunchDelegate.java:96)
	at org.eclipse.jdt.launching.JavaLaunchDelegate.launch(JavaLaunchDelegate.java:160)
	at org.springframework.ide.eclipse.boot.launch.AbstractBootLaunchConfigurationDelegate.launch(AbstractBootLaunchConfigurationDelegate.java:372)
	at org.springframework.ide.eclipse.boot.launch.BootLaunchConfigurationDelegate.launch(BootLaunchConfigurationDelegate.java:153)
	at org.eclipse.debug.internal.core.LaunchConfiguration.launch(LaunchConfiguration.java:807)
	at org.eclipse.debug.internal.core.LaunchConfiguration.launch(LaunchConfiguration.java:718)
	at org.eclipse.debug.internal.ui.DebugUIPlugin.buildAndLaunch(DebugUIPlugin.java:1021)
	at org.eclipse.debug.internal.ui.DebugUIPlugin$2.run(DebugUIPlugin.java:1224)
	at org.eclipse.core.internal.jobs.Worker.run(Worker.java:63)
2022-12-20 11:16:30,517 [Worker-1: Launching ServiceMiddlewareCEPRedis - Application] ERROR o.e.m2e.jdt.internal.ModuleSupport - null
org.eclipse.jdt.internal.compiler.classfmt.ClassFormatException: null
	at org.eclipse.jdt.internal.compiler.classfmt.ClassFileReader.<init>(ClassFileReader.java:486)
	at org.eclipse.jdt.internal.compiler.classfmt.ClassFileReader.<init>(ClassFileReader.java:184)
	at org.eclipse.jdt.internal.compiler.classfmt.ClassFileReader.read(ClassFileReader.java:162)
	at org.eclipse.jdt.internal.compiler.classfmt.ClassFileReader.read(ClassFileReader.java:133)
	at org.eclipse.m2e.jdt.internal.ModuleSupport.getModuleInfo(ModuleSupport.java:246)
	at org.eclipse.m2e.jdt.internal.ModuleSupport.getModuleInfo(ModuleSupport.java:190)
	at org.eclipse.m2e.jdt.internal.ModuleSupport.configureClasspath(ModuleSupport.java:121)
	at org.eclipse.m2e.jdt.internal.AbstractJavaProjectConfigurator.configureClasspath(AbstractJavaProjectConfigurator.java:800)
	at org.eclipse.m2e.jdt.internal.DefaultClasspathManagerDelegate.populateClasspath(DefaultClasspathManagerDelegate.java:67)
	at org.eclipse.m2e.jdt.internal.BuildPathManager.getClasspath(BuildPathManager.java:269)
	at org.eclipse.m2e.jdt.internal.BuildPathManager.getClasspath(BuildPathManager.java:386)
	at org.eclipse.m2e.jdt.internal.launch.MavenRuntimeClasspathProvider.addMavenClasspathEntries(MavenRuntimeClasspathProvider.java:205)
	at org.eclipse.m2e.jdt.internal.launch.MavenRuntimeClasspathProvider.resolveClasspath0(MavenRuntimeClasspathProvider.java:176)
	at org.eclipse.m2e.jdt.internal.launch.MavenRuntimeClasspathProvider.lambda$1(MavenRuntimeClasspathProvider.java:158)
	at org.eclipse.m2e.core.internal.embedder.MavenExecutionContext.executeBare(MavenExecutionContext.java:179)
	at org.eclipse.m2e.core.internal.embedder.MavenExecutionContext.execute(MavenExecutionContext.java:153)
	at org.eclipse.m2e.core.internal.embedder.MavenExecutionContext.execute(MavenExecutionContext.java:101)
	at org.eclipse.m2e.core.internal.embedder.MavenImpl.execute(MavenImpl.java:1374)
	at org.eclipse.m2e.jdt.internal.launch.MavenRuntimeClasspathProvider.resolveClasspath(MavenRuntimeClasspathProvider.java:158)
	at org.springframework.ide.eclipse.boot.launch.BootMavenClassPathProvider.resolveClasspath(BootMavenClassPathProvider.java:24)
	at org.eclipse.jdt.internal.launching.RuntimeClasspathProvider.resolveClasspath(RuntimeClasspathProvider.java:68)
	at org.eclipse.jdt.launching.JavaRuntime.resolveRuntimeClasspath(JavaRuntime.java:1662)
	at org.eclipse.jdt.launching.AbstractJavaLaunchConfigurationDelegate.getClasspathAndModulepath(AbstractJavaLaunchConfigurationDelegate.java:464)
	at org.springframework.ide.eclipse.boot.launch.AbstractBootLaunchConfigurationDelegate.getClasspathAndModulepath(AbstractBootLaunchConfigurationDelegate.java:401)
	at org.springframework.ide.eclipse.boot.launch.BootLaunchConfigurationDelegate.getClasspathAndModulepath(BootLaunchConfigurationDelegate.java:573)
	at org.eclipse.jdt.launching.JavaLaunchDelegate.getVMRunnerConfiguration(JavaLaunchDelegate.java:132)
	at org.eclipse.jdt.launching.JavaLaunchDelegate.launch(JavaLaunchDelegate.java:160)
	at org.springframework.ide.eclipse.boot.launch.AbstractBootLaunchConfigurationDelegate.launch(AbstractBootLaunchConfigurationDelegate.java:372)
	at org.springframework.ide.eclipse.boot.launch.BootLaunchConfigurationDelegate.launch(BootLaunchConfigurationDelegate.java:153)
	at org.eclipse.debug.internal.core.LaunchConfiguration.launch(LaunchConfiguration.java:807)
	at org.eclipse.debug.internal.core.LaunchConfiguration.launch(LaunchConfiguration.java:718)
	at org.eclipse.debug.internal.ui.DebugUIPlugin.buildAndLaunch(DebugUIPlugin.java:1021)
	at org.eclipse.debug.internal.ui.DebugUIPlugin$2.run(DebugUIPlugin.java:1224)
	at org.eclipse.core.internal.jobs.Worker.run(Worker.java:63)
2022-12-20 11:16:30,834 [Worker-1: Launching ServiceMiddlewareCEPRedis - Application] ERROR o.e.m2e.jdt.internal.ModuleSupport - null
org.eclipse.jdt.internal.compiler.classfmt.ClassFormatException: null
	at org.eclipse.jdt.internal.compiler.classfmt.ClassFileReader.<init>(ClassFileReader.java:486)
	at org.eclipse.jdt.internal.compiler.classfmt.ClassFileReader.<init>(ClassFileReader.java:184)
	at org.eclipse.jdt.internal.compiler.classfmt.ClassFileReader.read(ClassFileReader.java:162)
	at org.eclipse.jdt.internal.compiler.classfmt.ClassFileReader.read(ClassFileReader.java:133)
	at org.eclipse.m2e.jdt.internal.ModuleSupport.getModuleInfo(ModuleSupport.java:246)
	at org.eclipse.m2e.jdt.internal.ModuleSupport.getModuleInfo(ModuleSupport.java:190)
	at org.eclipse.m2e.jdt.internal.ModuleSupport.configureClasspath(ModuleSupport.java:121)
	at org.eclipse.m2e.jdt.internal.AbstractJavaProjectConfigurator.configureClasspath(AbstractJavaProjectConfigurator.java:800)
	at org.eclipse.m2e.jdt.internal.DefaultClasspathManagerDelegate.populateClasspath(DefaultClasspathManagerDelegate.java:67)
	at org.eclipse.m2e.jdt.internal.BuildPathManager.getClasspath(BuildPathManager.java:269)
	at org.eclipse.m2e.jdt.internal.BuildPathManager.getClasspath(BuildPathManager.java:386)
	at org.eclipse.m2e.jdt.internal.launch.MavenRuntimeClasspathProvider.addMavenClasspathEntries(MavenRuntimeClasspathProvider.java:205)
	at org.eclipse.m2e.jdt.internal.launch.MavenRuntimeClasspathProvider.resolveClasspath0(MavenRuntimeClasspathProvider.java:176)
	at org.eclipse.m2e.jdt.internal.launch.MavenRuntimeClasspathProvider.lambda$1(MavenRuntimeClasspathProvider.java:158)
	at org.eclipse.m2e.core.internal.embedder.MavenExecutionContext.executeBare(MavenExecutionContext.java:179)
	at org.eclipse.m2e.core.internal.embedder.MavenExecutionContext.execute(MavenExecutionContext.java:153)
	at org.eclipse.m2e.core.internal.embedder.MavenExecutionContext.execute(MavenExecutionContext.java:101)
	at org.eclipse.m2e.core.internal.embedder.MavenImpl.execute(MavenImpl.java:1374)
	at org.eclipse.m2e.jdt.internal.launch.MavenRuntimeClasspathProvider.resolveClasspath(MavenRuntimeClasspathProvider.java:158)
	at org.springframework.ide.eclipse.boot.launch.BootMavenClassPathProvider.resolveClasspath(BootMavenClassPathProvider.java:24)
	at org.eclipse.jdt.internal.launching.RuntimeClasspathProvider.resolveClasspath(RuntimeClasspathProvider.java:68)
	at org.eclipse.jdt.launching.JavaRuntime.resolveRuntimeClasspath(JavaRuntime.java:1662)
	at org.eclipse.jdt.launching.AbstractJavaLaunchConfigurationDelegate.getModuleCLIOptions(AbstractJavaLaunchConfigurationDelegate.java:1156)
	at org.eclipse.jdt.launching.JavaLaunchDelegate.getVMRunnerConfiguration(JavaLaunchDelegate.java:139)
	at org.eclipse.jdt.launching.JavaLaunchDelegate.launch(JavaLaunchDelegate.java:160)
	at org.springframework.ide.eclipse.boot.launch.AbstractBootLaunchConfigurationDelegate.launch(AbstractBootLaunchConfigurationDelegate.java:372)
	at org.springframework.ide.eclipse.boot.launch.BootLaunchConfigurationDelegate.launch(BootLaunchConfigurationDelegate.java:153)
	at org.eclipse.debug.internal.core.LaunchConfiguration.launch(LaunchConfiguration.java:807)
	at org.eclipse.debug.internal.core.LaunchConfiguration.launch(LaunchConfiguration.java:718)
	at org.eclipse.debug.internal.ui.DebugUIPlugin.buildAndLaunch(DebugUIPlugin.java:1021)
	at org.eclipse.debug.internal.ui.DebugUIPlugin$2.run(DebugUIPlugin.java:1224)
	at org.eclipse.core.internal.jobs.Worker.run(Worker.java:63)
2022-12-20 11:17:33,306 [Worker-9: Building] INFO  o.e.m.c.i.embedder.EclipseLogger - Using 'UTF-8' encoding to copy filtered resources.
2022-12-20 11:17:33,307 [Worker-9: Building] INFO  o.e.m.c.i.embedder.EclipseLogger - Using 'UTF-8' encoding to copy filtered properties files.
2022-12-20 11:17:33,308 [Worker-9: Building] INFO  o.e.m.c.i.embedder.EclipseLogger - Copying 1 resource
2022-12-20 11:17:33,351 [Worker-9: Building] INFO  o.e.m.c.i.embedder.EclipseLogger - Copying 0 resource
2022-12-20 11:17:33,362 [Worker-9: Building] INFO  o.e.m.c.i.embedder.EclipseLogger - Using 'UTF-8' encoding to copy filtered resources.
2022-12-20 11:17:33,362 [Worker-9: Building] INFO  o.e.m.c.i.embedder.EclipseLogger - Using 'UTF-8' encoding to copy filtered properties files.
2022-12-20 11:17:33,363 [Worker-9: Building] INFO  o.e.m.c.i.embedder.EclipseLogger - skip non existing resourceDirectory /Users/hdiniz/Desktop/WorkRedis/ServiceMiddlewareRedis/ServiceMiddlewareCEPRedis/src/test/resources
2022-12-20 11:18:09,468 [Worker-9: Building] INFO  o.e.m.c.i.embedder.EclipseLogger - Using 'UTF-8' encoding to copy filtered resources.
2022-12-20 11:18:09,469 [Worker-9: Building] INFO  o.e.m.c.i.embedder.EclipseLogger - Using 'UTF-8' encoding to copy filtered properties files.
2022-12-20 11:18:09,470 [Worker-9: Building] INFO  o.e.m.c.i.embedder.EclipseLogger - Copying 1 resource
2022-12-20 11:18:09,502 [Worker-9: Building] INFO  o.e.m.c.i.embedder.EclipseLogger - Copying 0 resource
2022-12-20 11:18:09,518 [Worker-9: Building] INFO  o.e.m.c.i.embedder.EclipseLogger - Using 'UTF-8' encoding to copy filtered resources.
2022-12-20 11:18:09,519 [Worker-9: Building] INFO  o.e.m.c.i.embedder.EclipseLogger - Using 'UTF-8' encoding to copy filtered properties files.
2022-12-20 11:18:09,519 [Worker-9: Building] INFO  o.e.m.c.i.embedder.EclipseLogger - skip non existing resourceDirectory /Users/hdiniz/Desktop/WorkRedis/ServiceMiddlewareRedis/ServiceMiddlewareCEPRedis/src/test/resources
2022-12-20 11:18:13,424 [Worker-12: Launching ServiceMiddlewareCEPRedis - Application] ERROR o.e.m2e.jdt.internal.ModuleSupport - null
org.eclipse.jdt.internal.compiler.classfmt.ClassFormatException: null
	at org.eclipse.jdt.internal.compiler.classfmt.ClassFileReader.<init>(ClassFileReader.java:486)
	at org.eclipse.jdt.internal.compiler.classfmt.ClassFileReader.<init>(ClassFileReader.java:184)
	at org.eclipse.jdt.internal.compiler.classfmt.ClassFileReader.read(ClassFileReader.java:162)
	at org.eclipse.jdt.internal.compiler.classfmt.ClassFileReader.read(ClassFileReader.java:133)
	at org.eclipse.m2e.jdt.internal.ModuleSupport.getModuleInfo(ModuleSupport.java:246)
	at org.eclipse.m2e.jdt.internal.ModuleSupport.getModuleInfo(ModuleSupport.java:190)
	at org.eclipse.m2e.jdt.internal.ModuleSupport.configureClasspath(ModuleSupport.java:121)
	at org.eclipse.m2e.jdt.internal.AbstractJavaProjectConfigurator.configureClasspath(AbstractJavaProjectConfigurator.java:800)
	at org.eclipse.m2e.jdt.internal.DefaultClasspathManagerDelegate.populateClasspath(DefaultClasspathManagerDelegate.java:67)
	at org.eclipse.m2e.jdt.internal.BuildPathManager.getClasspath(BuildPathManager.java:269)
	at org.eclipse.m2e.jdt.internal.BuildPathManager.getClasspath(BuildPathManager.java:386)
	at org.eclipse.m2e.jdt.internal.launch.MavenRuntimeClasspathProvider.addMavenClasspathEntries(MavenRuntimeClasspathProvider.java:205)
	at org.eclipse.m2e.jdt.internal.launch.MavenRuntimeClasspathProvider.resolveClasspath0(MavenRuntimeClasspathProvider.java:176)
	at org.eclipse.m2e.jdt.internal.launch.MavenRuntimeClasspathProvider.lambda$1(MavenRuntimeClasspathProvider.java:158)
	at org.eclipse.m2e.core.internal.embedder.MavenExecutionContext.executeBare(MavenExecutionContext.java:179)
	at org.eclipse.m2e.core.internal.embedder.MavenExecutionContext.execute(MavenExecutionContext.java:153)
	at org.eclipse.m2e.core.internal.embedder.MavenExecutionContext.execute(MavenExecutionContext.java:101)
	at org.eclipse.m2e.core.internal.embedder.MavenImpl.execute(MavenImpl.java:1374)
	at org.eclipse.m2e.jdt.internal.launch.MavenRuntimeClasspathProvider.resolveClasspath(MavenRuntimeClasspathProvider.java:158)
	at org.springframework.ide.eclipse.boot.launch.BootMavenClassPathProvider.resolveClasspath(BootMavenClassPathProvider.java:24)
	at org.eclipse.jdt.internal.launching.RuntimeClasspathProvider.resolveClasspath(RuntimeClasspathProvider.java:68)
	at org.eclipse.jdt.launching.JavaRuntime.resolveRuntimeClasspath(JavaRuntime.java:1662)
	at org.eclipse.jdt.launching.AbstractJavaLaunchConfigurationDelegate.getClasspath(AbstractJavaLaunchConfigurationDelegate.java:432)
	at org.springframework.ide.eclipse.boot.launch.AbstractBootLaunchConfigurationDelegate.getClasspath(AbstractBootLaunchConfigurationDelegate.java:414)
	at org.springframework.ide.eclipse.boot.launch.BootLaunchConfigurationDelegate.getClasspath(BootLaunchConfigurationDelegate.java:589)
	at org.eclipse.jdt.launching.JavaLaunchDelegate.getVMRunnerConfiguration(JavaLaunchDelegate.java:96)
	at org.eclipse.jdt.launching.JavaLaunchDelegate.launch(JavaLaunchDelegate.java:160)
	at org.springframework.ide.eclipse.boot.launch.AbstractBootLaunchConfigurationDelegate.launch(AbstractBootLaunchConfigurationDelegate.java:372)
	at org.springframework.ide.eclipse.boot.launch.BootLaunchConfigurationDelegate.launch(BootLaunchConfigurationDelegate.java:153)
	at org.eclipse.debug.internal.core.LaunchConfiguration.launch(LaunchConfiguration.java:807)
	at org.eclipse.debug.internal.core.LaunchConfiguration.launch(LaunchConfiguration.java:718)
	at org.eclipse.debug.internal.ui.DebugUIPlugin.buildAndLaunch(DebugUIPlugin.java:1021)
	at org.eclipse.debug.internal.ui.DebugUIPlugin$2.run(DebugUIPlugin.java:1224)
	at org.eclipse.core.internal.jobs.Worker.run(Worker.java:63)
2022-12-20 11:18:13,711 [Worker-12: Launching ServiceMiddlewareCEPRedis - Application] ERROR o.e.m2e.jdt.internal.ModuleSupport - null
org.eclipse.jdt.internal.compiler.classfmt.ClassFormatException: null
	at org.eclipse.jdt.internal.compiler.classfmt.ClassFileReader.<init>(ClassFileReader.java:486)
	at org.eclipse.jdt.internal.compiler.classfmt.ClassFileReader.<init>(ClassFileReader.java:184)
	at org.eclipse.jdt.internal.compiler.classfmt.ClassFileReader.read(ClassFileReader.java:162)
	at org.eclipse.jdt.internal.compiler.classfmt.ClassFileReader.read(ClassFileReader.java:133)
	at org.eclipse.m2e.jdt.internal.ModuleSupport.getModuleInfo(ModuleSupport.java:246)
	at org.eclipse.m2e.jdt.internal.ModuleSupport.getModuleInfo(ModuleSupport.java:190)
	at org.eclipse.m2e.jdt.internal.ModuleSupport.configureClasspath(ModuleSupport.java:121)
	at org.eclipse.m2e.jdt.internal.AbstractJavaProjectConfigurator.configureClasspath(AbstractJavaProjectConfigurator.java:800)
	at org.eclipse.m2e.jdt.internal.DefaultClasspathManagerDelegate.populateClasspath(DefaultClasspathManagerDelegate.java:67)
	at org.eclipse.m2e.jdt.internal.BuildPathManager.getClasspath(BuildPathManager.java:269)
	at org.eclipse.m2e.jdt.internal.BuildPathManager.getClasspath(BuildPathManager.java:386)
	at org.eclipse.m2e.jdt.internal.launch.MavenRuntimeClasspathProvider.addMavenClasspathEntries(MavenRuntimeClasspathProvider.java:205)
	at org.eclipse.m2e.jdt.internal.launch.MavenRuntimeClasspathProvider.resolveClasspath0(MavenRuntimeClasspathProvider.java:176)
	at org.eclipse.m2e.jdt.internal.launch.MavenRuntimeClasspathProvider.lambda$1(MavenRuntimeClasspathProvider.java:158)
	at org.eclipse.m2e.core.internal.embedder.MavenExecutionContext.executeBare(MavenExecutionContext.java:179)
	at org.eclipse.m2e.core.internal.embedder.MavenExecutionContext.execute(MavenExecutionContext.java:153)
	at org.eclipse.m2e.core.internal.embedder.MavenExecutionContext.execute(MavenExecutionContext.java:101)
	at org.eclipse.m2e.core.internal.embedder.MavenImpl.execute(MavenImpl.java:1374)
	at org.eclipse.m2e.jdt.internal.launch.MavenRuntimeClasspathProvider.resolveClasspath(MavenRuntimeClasspathProvider.java:158)
	at org.springframework.ide.eclipse.boot.launch.BootMavenClassPathProvider.resolveClasspath(BootMavenClassPathProvider.java:24)
	at org.eclipse.jdt.internal.launching.RuntimeClasspathProvider.resolveClasspath(RuntimeClasspathProvider.java:68)
	at org.eclipse.jdt.launching.JavaRuntime.resolveRuntimeClasspath(JavaRuntime.java:1662)
	at org.eclipse.jdt.launching.AbstractJavaLaunchConfigurationDelegate.getClasspathAndModulepath(AbstractJavaLaunchConfigurationDelegate.java:464)
	at org.springframework.ide.eclipse.boot.launch.AbstractBootLaunchConfigurationDelegate.getClasspathAndModulepath(AbstractBootLaunchConfigurationDelegate.java:401)
	at org.springframework.ide.eclipse.boot.launch.BootLaunchConfigurationDelegate.getClasspathAndModulepath(BootLaunchConfigurationDelegate.java:573)
	at org.eclipse.jdt.launching.JavaLaunchDelegate.getVMRunnerConfiguration(JavaLaunchDelegate.java:132)
	at org.eclipse.jdt.launching.JavaLaunchDelegate.launch(JavaLaunchDelegate.java:160)
	at org.springframework.ide.eclipse.boot.launch.AbstractBootLaunchConfigurationDelegate.launch(AbstractBootLaunchConfigurationDelegate.java:372)
	at org.springframework.ide.eclipse.boot.launch.BootLaunchConfigurationDelegate.launch(BootLaunchConfigurationDelegate.java:153)
	at org.eclipse.debug.internal.core.LaunchConfiguration.launch(LaunchConfiguration.java:807)
	at org.eclipse.debug.internal.core.LaunchConfiguration.launch(LaunchConfiguration.java:718)
	at org.eclipse.debug.internal.ui.DebugUIPlugin.buildAndLaunch(DebugUIPlugin.java:1021)
	at org.eclipse.debug.internal.ui.DebugUIPlugin$2.run(DebugUIPlugin.java:1224)
	at org.eclipse.core.internal.jobs.Worker.run(Worker.java:63)
2022-12-20 11:18:13,902 [Worker-12: Launching ServiceMiddlewareCEPRedis - Application] ERROR o.e.m2e.jdt.internal.ModuleSupport - null
org.eclipse.jdt.internal.compiler.classfmt.ClassFormatException: null
	at org.eclipse.jdt.internal.compiler.classfmt.ClassFileReader.<init>(ClassFileReader.java:486)
	at org.eclipse.jdt.internal.compiler.classfmt.ClassFileReader.<init>(ClassFileReader.java:184)
	at org.eclipse.jdt.internal.compiler.classfmt.ClassFileReader.read(ClassFileReader.java:162)
	at org.eclipse.jdt.internal.compiler.classfmt.ClassFileReader.read(ClassFileReader.java:133)
	at org.eclipse.m2e.jdt.internal.ModuleSupport.getModuleInfo(ModuleSupport.java:246)
	at org.eclipse.m2e.jdt.internal.ModuleSupport.getModuleInfo(ModuleSupport.java:190)
	at org.eclipse.m2e.jdt.internal.ModuleSupport.configureClasspath(ModuleSupport.java:121)
	at org.eclipse.m2e.jdt.internal.AbstractJavaProjectConfigurator.configureClasspath(AbstractJavaProjectConfigurator.java:800)
	at org.eclipse.m2e.jdt.internal.DefaultClasspathManagerDelegate.populateClasspath(DefaultClasspathManagerDelegate.java:67)
	at org.eclipse.m2e.jdt.internal.BuildPathManager.getClasspath(BuildPathManager.java:269)
	at org.eclipse.m2e.jdt.internal.BuildPathManager.getClasspath(BuildPathManager.java:386)
	at org.eclipse.m2e.jdt.internal.launch.MavenRuntimeClasspathProvider.addMavenClasspathEntries(MavenRuntimeClasspathProvider.java:205)
	at org.eclipse.m2e.jdt.internal.launch.MavenRuntimeClasspathProvider.resolveClasspath0(MavenRuntimeClasspathProvider.java:176)
	at org.eclipse.m2e.jdt.internal.launch.MavenRuntimeClasspathProvider.lambda$1(MavenRuntimeClasspathProvider.java:158)
	at org.eclipse.m2e.core.internal.embedder.MavenExecutionContext.executeBare(MavenExecutionContext.java:179)
	at org.eclipse.m2e.core.internal.embedder.MavenExecutionContext.execute(MavenExecutionContext.java:153)
	at org.eclipse.m2e.core.internal.embedder.MavenExecutionContext.execute(MavenExecutionContext.java:101)
	at org.eclipse.m2e.core.internal.embedder.MavenImpl.execute(MavenImpl.java:1374)
	at org.eclipse.m2e.jdt.internal.launch.MavenRuntimeClasspathProvider.resolveClasspath(MavenRuntimeClasspathProvider.java:158)
	at org.springframework.ide.eclipse.boot.launch.BootMavenClassPathProvider.resolveClasspath(BootMavenClassPathProvider.java:24)
	at org.eclipse.jdt.internal.launching.RuntimeClasspathProvider.resolveClasspath(RuntimeClasspathProvider.java:68)
	at org.eclipse.jdt.launching.JavaRuntime.resolveRuntimeClasspath(JavaRuntime.java:1662)
	at org.eclipse.jdt.launching.AbstractJavaLaunchConfigurationDelegate.getModuleCLIOptions(AbstractJavaLaunchConfigurationDelegate.java:1156)
	at org.eclipse.jdt.launching.JavaLaunchDelegate.getVMRunnerConfiguration(JavaLaunchDelegate.java:139)
	at org.eclipse.jdt.launching.JavaLaunchDelegate.launch(JavaLaunchDelegate.java:160)
	at org.springframework.ide.eclipse.boot.launch.AbstractBootLaunchConfigurationDelegate.launch(AbstractBootLaunchConfigurationDelegate.java:372)
	at org.springframework.ide.eclipse.boot.launch.BootLaunchConfigurationDelegate.launch(BootLaunchConfigurationDelegate.java:153)
	at org.eclipse.debug.internal.core.LaunchConfiguration.launch(LaunchConfiguration.java:807)
	at org.eclipse.debug.internal.core.LaunchConfiguration.launch(LaunchConfiguration.java:718)
	at org.eclipse.debug.internal.ui.DebugUIPlugin.buildAndLaunch(DebugUIPlugin.java:1021)
	at org.eclipse.debug.internal.ui.DebugUIPlugin$2.run(DebugUIPlugin.java:1224)
	at org.eclipse.core.internal.jobs.Worker.run(Worker.java:63)
2022-12-20 11:18:43,926 [Worker-16: Building] INFO  o.e.m.c.i.embedder.EclipseLogger - Using 'UTF-8' encoding to copy filtered resources.
2022-12-20 11:18:43,927 [Worker-16: Building] INFO  o.e.m.c.i.embedder.EclipseLogger - Using 'UTF-8' encoding to copy filtered properties files.
2022-12-20 11:18:43,928 [Worker-16: Building] INFO  o.e.m.c.i.embedder.EclipseLogger - Copying 1 resource
2022-12-20 11:18:43,988 [Worker-16: Building] INFO  o.e.m.c.i.embedder.EclipseLogger - Copying 0 resource
2022-12-20 11:18:44,000 [Worker-16: Building] INFO  o.e.m.c.i.embedder.EclipseLogger - Using 'UTF-8' encoding to copy filtered resources.
2022-12-20 11:18:44,000 [Worker-16: Building] INFO  o.e.m.c.i.embedder.EclipseLogger - Using 'UTF-8' encoding to copy filtered properties files.
2022-12-20 11:18:44,000 [Worker-16: Building] INFO  o.e.m.c.i.embedder.EclipseLogger - skip non existing resourceDirectory /Users/hdiniz/Desktop/WorkRedis/ServiceMiddlewareRedis/ServiceMiddlewareCEPRedis/src/test/resources
2022-12-20 11:18:49,220 [Worker-6: Launching ServiceMiddlewareCEPRedis - Application] ERROR o.e.m2e.jdt.internal.ModuleSupport - null
org.eclipse.jdt.internal.compiler.classfmt.ClassFormatException: null
	at org.eclipse.jdt.internal.compiler.classfmt.ClassFileReader.<init>(ClassFileReader.java:486)
	at org.eclipse.jdt.internal.compiler.classfmt.ClassFileReader.<init>(ClassFileReader.java:184)
	at org.eclipse.jdt.internal.compiler.classfmt.ClassFileReader.read(ClassFileReader.java:162)
	at org.eclipse.jdt.internal.compiler.classfmt.ClassFileReader.read(ClassFileReader.java:133)
	at org.eclipse.m2e.jdt.internal.ModuleSupport.getModuleInfo(ModuleSupport.java:246)
	at org.eclipse.m2e.jdt.internal.ModuleSupport.getModuleInfo(ModuleSupport.java:190)
	at org.eclipse.m2e.jdt.internal.ModuleSupport.configureClasspath(ModuleSupport.java:121)
	at org.eclipse.m2e.jdt.internal.AbstractJavaProjectConfigurator.configureClasspath(AbstractJavaProjectConfigurator.java:800)
	at org.eclipse.m2e.jdt.internal.DefaultClasspathManagerDelegate.populateClasspath(DefaultClasspathManagerDelegate.java:67)
	at org.eclipse.m2e.jdt.internal.BuildPathManager.getClasspath(BuildPathManager.java:269)
	at org.eclipse.m2e.jdt.internal.BuildPathManager.getClasspath(BuildPathManager.java:386)
	at org.eclipse.m2e.jdt.internal.launch.MavenRuntimeClasspathProvider.addMavenClasspathEntries(MavenRuntimeClasspathProvider.java:205)
	at org.eclipse.m2e.jdt.internal.launch.MavenRuntimeClasspathProvider.resolveClasspath0(MavenRuntimeClasspathProvider.java:176)
	at org.eclipse.m2e.jdt.internal.launch.MavenRuntimeClasspathProvider.lambda$1(MavenRuntimeClasspathProvider.java:158)
	at org.eclipse.m2e.core.internal.embedder.MavenExecutionContext.executeBare(MavenExecutionContext.java:179)
	at org.eclipse.m2e.core.internal.embedder.MavenExecutionContext.execute(MavenExecutionContext.java:153)
	at org.eclipse.m2e.core.internal.embedder.MavenExecutionContext.execute(MavenExecutionContext.java:101)
	at org.eclipse.m2e.core.internal.embedder.MavenImpl.execute(MavenImpl.java:1374)
	at org.eclipse.m2e.jdt.internal.launch.MavenRuntimeClasspathProvider.resolveClasspath(MavenRuntimeClasspathProvider.java:158)
	at org.springframework.ide.eclipse.boot.launch.BootMavenClassPathProvider.resolveClasspath(BootMavenClassPathProvider.java:24)
	at org.eclipse.jdt.internal.launching.RuntimeClasspathProvider.resolveClasspath(RuntimeClasspathProvider.java:68)
	at org.eclipse.jdt.launching.JavaRuntime.resolveRuntimeClasspath(JavaRuntime.java:1662)
	at org.eclipse.jdt.launching.AbstractJavaLaunchConfigurationDelegate.getClasspath(AbstractJavaLaunchConfigurationDelegate.java:432)
	at org.springframework.ide.eclipse.boot.launch.AbstractBootLaunchConfigurationDelegate.getClasspath(AbstractBootLaunchConfigurationDelegate.java:414)
	at org.springframework.ide.eclipse.boot.launch.BootLaunchConfigurationDelegate.getClasspath(BootLaunchConfigurationDelegate.java:589)
	at org.eclipse.jdt.launching.JavaLaunchDelegate.getVMRunnerConfiguration(JavaLaunchDelegate.java:96)
	at org.eclipse.jdt.launching.JavaLaunchDelegate.launch(JavaLaunchDelegate.java:160)
	at org.springframework.ide.eclipse.boot.launch.AbstractBootLaunchConfigurationDelegate.launch(AbstractBootLaunchConfigurationDelegate.java:372)
	at org.springframework.ide.eclipse.boot.launch.BootLaunchConfigurationDelegate.launch(BootLaunchConfigurationDelegate.java:153)
	at org.eclipse.debug.internal.core.LaunchConfiguration.launch(LaunchConfiguration.java:807)
	at org.eclipse.debug.internal.core.LaunchConfiguration.launch(LaunchConfiguration.java:718)
	at org.eclipse.debug.internal.ui.DebugUIPlugin.buildAndLaunch(DebugUIPlugin.java:1021)
	at org.eclipse.debug.internal.ui.DebugUIPlugin$2.run(DebugUIPlugin.java:1224)
	at org.eclipse.core.internal.jobs.Worker.run(Worker.java:63)
2022-12-20 11:18:49,547 [Worker-6: Launching ServiceMiddlewareCEPRedis - Application] ERROR o.e.m2e.jdt.internal.ModuleSupport - null
org.eclipse.jdt.internal.compiler.classfmt.ClassFormatException: null
	at org.eclipse.jdt.internal.compiler.classfmt.ClassFileReader.<init>(ClassFileReader.java:486)
	at org.eclipse.jdt.internal.compiler.classfmt.ClassFileReader.<init>(ClassFileReader.java:184)
	at org.eclipse.jdt.internal.compiler.classfmt.ClassFileReader.read(ClassFileReader.java:162)
	at org.eclipse.jdt.internal.compiler.classfmt.ClassFileReader.read(ClassFileReader.java:133)
	at org.eclipse.m2e.jdt.internal.ModuleSupport.getModuleInfo(ModuleSupport.java:246)
	at org.eclipse.m2e.jdt.internal.ModuleSupport.getModuleInfo(ModuleSupport.java:190)
	at org.eclipse.m2e.jdt.internal.ModuleSupport.configureClasspath(ModuleSupport.java:121)
	at org.eclipse.m2e.jdt.internal.AbstractJavaProjectConfigurator.configureClasspath(AbstractJavaProjectConfigurator.java:800)
	at org.eclipse.m2e.jdt.internal.DefaultClasspathManagerDelegate.populateClasspath(DefaultClasspathManagerDelegate.java:67)
	at org.eclipse.m2e.jdt.internal.BuildPathManager.getClasspath(BuildPathManager.java:269)
	at org.eclipse.m2e.jdt.internal.BuildPathManager.getClasspath(BuildPathManager.java:386)
	at org.eclipse.m2e.jdt.internal.launch.MavenRuntimeClasspathProvider.addMavenClasspathEntries(MavenRuntimeClasspathProvider.java:205)
	at org.eclipse.m2e.jdt.internal.launch.MavenRuntimeClasspathProvider.resolveClasspath0(MavenRuntimeClasspathProvider.java:176)
	at org.eclipse.m2e.jdt.internal.launch.MavenRuntimeClasspathProvider.lambda$1(MavenRuntimeClasspathProvider.java:158)
	at org.eclipse.m2e.core.internal.embedder.MavenExecutionContext.executeBare(MavenExecutionContext.java:179)
	at org.eclipse.m2e.core.internal.embedder.MavenExecutionContext.execute(MavenExecutionContext.java:153)
	at org.eclipse.m2e.core.internal.embedder.MavenExecutionContext.execute(MavenExecutionContext.java:101)
	at org.eclipse.m2e.core.internal.embedder.MavenImpl.execute(MavenImpl.java:1374)
	at org.eclipse.m2e.jdt.internal.launch.MavenRuntimeClasspathProvider.resolveClasspath(MavenRuntimeClasspathProvider.java:158)
	at org.springframework.ide.eclipse.boot.launch.BootMavenClassPathProvider.resolveClasspath(BootMavenClassPathProvider.java:24)
	at org.eclipse.jdt.internal.launching.RuntimeClasspathProvider.resolveClasspath(RuntimeClasspathProvider.java:68)
	at org.eclipse.jdt.launching.JavaRuntime.resolveRuntimeClasspath(JavaRuntime.java:1662)
	at org.eclipse.jdt.launching.AbstractJavaLaunchConfigurationDelegate.getClasspathAndModulepath(AbstractJavaLaunchConfigurationDelegate.java:464)
	at org.springframework.ide.eclipse.boot.launch.AbstractBootLaunchConfigurationDelegate.getClasspathAndModulepath(AbstractBootLaunchConfigurationDelegate.java:401)
	at org.springframework.ide.eclipse.boot.launch.BootLaunchConfigurationDelegate.getClasspathAndModulepath(BootLaunchConfigurationDelegate.java:573)
	at org.eclipse.jdt.launching.JavaLaunchDelegate.getVMRunnerConfiguration(JavaLaunchDelegate.java:132)
	at org.eclipse.jdt.launching.JavaLaunchDelegate.launch(JavaLaunchDelegate.java:160)
	at org.springframework.ide.eclipse.boot.launch.AbstractBootLaunchConfigurationDelegate.launch(AbstractBootLaunchConfigurationDelegate.java:372)
	at org.springframework.ide.eclipse.boot.launch.BootLaunchConfigurationDelegate.launch(BootLaunchConfigurationDelegate.java:153)
	at org.eclipse.debug.internal.core.LaunchConfiguration.launch(LaunchConfiguration.java:807)
	at org.eclipse.debug.internal.core.LaunchConfiguration.launch(LaunchConfiguration.java:718)
	at org.eclipse.debug.internal.ui.DebugUIPlugin.buildAndLaunch(DebugUIPlugin.java:1021)
	at org.eclipse.debug.internal.ui.DebugUIPlugin$2.run(DebugUIPlugin.java:1224)
	at org.eclipse.core.internal.jobs.Worker.run(Worker.java:63)
2022-12-20 11:18:49,835 [Worker-6: Launching ServiceMiddlewareCEPRedis - Application] ERROR o.e.m2e.jdt.internal.ModuleSupport - null
org.eclipse.jdt.internal.compiler.classfmt.ClassFormatException: null
	at org.eclipse.jdt.internal.compiler.classfmt.ClassFileReader.<init>(ClassFileReader.java:486)
	at org.eclipse.jdt.internal.compiler.classfmt.ClassFileReader.<init>(ClassFileReader.java:184)
	at org.eclipse.jdt.internal.compiler.classfmt.ClassFileReader.read(ClassFileReader.java:162)
	at org.eclipse.jdt.internal.compiler.classfmt.ClassFileReader.read(ClassFileReader.java:133)
	at org.eclipse.m2e.jdt.internal.ModuleSupport.getModuleInfo(ModuleSupport.java:246)
	at org.eclipse.m2e.jdt.internal.ModuleSupport.getModuleInfo(ModuleSupport.java:190)
	at org.eclipse.m2e.jdt.internal.ModuleSupport.configureClasspath(ModuleSupport.java:121)
	at org.eclipse.m2e.jdt.internal.AbstractJavaProjectConfigurator.configureClasspath(AbstractJavaProjectConfigurator.java:800)
	at org.eclipse.m2e.jdt.internal.DefaultClasspathManagerDelegate.populateClasspath(DefaultClasspathManagerDelegate.java:67)
	at org.eclipse.m2e.jdt.internal.BuildPathManager.getClasspath(BuildPathManager.java:269)
	at org.eclipse.m2e.jdt.internal.BuildPathManager.getClasspath(BuildPathManager.java:386)
	at org.eclipse.m2e.jdt.internal.launch.MavenRuntimeClasspathProvider.addMavenClasspathEntries(MavenRuntimeClasspathProvider.java:205)
	at org.eclipse.m2e.jdt.internal.launch.MavenRuntimeClasspathProvider.resolveClasspath0(MavenRuntimeClasspathProvider.java:176)
	at org.eclipse.m2e.jdt.internal.launch.MavenRuntimeClasspathProvider.lambda$1(MavenRuntimeClasspathProvider.java:158)
	at org.eclipse.m2e.core.internal.embedder.MavenExecutionContext.executeBare(MavenExecutionContext.java:179)
	at org.eclipse.m2e.core.internal.embedder.MavenExecutionContext.execute(MavenExecutionContext.java:153)
	at org.eclipse.m2e.core.internal.embedder.MavenExecutionContext.execute(MavenExecutionContext.java:101)
	at org.eclipse.m2e.core.internal.embedder.MavenImpl.execute(MavenImpl.java:1374)
	at org.eclipse.m2e.jdt.internal.launch.MavenRuntimeClasspathProvider.resolveClasspath(MavenRuntimeClasspathProvider.java:158)
	at org.springframework.ide.eclipse.boot.launch.BootMavenClassPathProvider.resolveClasspath(BootMavenClassPathProvider.java:24)
	at org.eclipse.jdt.internal.launching.RuntimeClasspathProvider.resolveClasspath(RuntimeClasspathProvider.java:68)
	at org.eclipse.jdt.launching.JavaRuntime.resolveRuntimeClasspath(JavaRuntime.java:1662)
	at org.eclipse.jdt.launching.AbstractJavaLaunchConfigurationDelegate.getModuleCLIOptions(AbstractJavaLaunchConfigurationDelegate.java:1156)
	at org.eclipse.jdt.launching.JavaLaunchDelegate.getVMRunnerConfiguration(JavaLaunchDelegate.java:139)
	at org.eclipse.jdt.launching.JavaLaunchDelegate.launch(JavaLaunchDelegate.java:160)
	at org.springframework.ide.eclipse.boot.launch.AbstractBootLaunchConfigurationDelegate.launch(AbstractBootLaunchConfigurationDelegate.java:372)
	at org.springframework.ide.eclipse.boot.launch.BootLaunchConfigurationDelegate.launch(BootLaunchConfigurationDelegate.java:153)
	at org.eclipse.debug.internal.core.LaunchConfiguration.launch(LaunchConfiguration.java:807)
	at org.eclipse.debug.internal.core.LaunchConfiguration.launch(LaunchConfiguration.java:718)
	at org.eclipse.debug.internal.ui.DebugUIPlugin.buildAndLaunch(DebugUIPlugin.java:1021)
	at org.eclipse.debug.internal.ui.DebugUIPlugin$2.run(DebugUIPlugin.java:1224)
	at org.eclipse.core.internal.jobs.Worker.run(Worker.java:63)
2022-12-20 11:21:34,484 [Worker-18: Building] INFO  o.e.m.c.i.embedder.EclipseLogger - Using 'UTF-8' encoding to copy filtered resources.
2022-12-20 11:21:34,486 [Worker-18: Building] INFO  o.e.m.c.i.embedder.EclipseLogger - Using 'UTF-8' encoding to copy filtered properties files.
2022-12-20 11:21:34,486 [Worker-18: Building] INFO  o.e.m.c.i.embedder.EclipseLogger - Copying 1 resource
2022-12-20 11:21:34,512 [Worker-18: Building] INFO  o.e.m.c.i.embedder.EclipseLogger - Copying 0 resource
2022-12-20 11:21:34,516 [Worker-18: Building] INFO  o.e.m.c.i.embedder.EclipseLogger - Using 'UTF-8' encoding to copy filtered resources.
2022-12-20 11:21:34,516 [Worker-18: Building] INFO  o.e.m.c.i.embedder.EclipseLogger - Using 'UTF-8' encoding to copy filtered properties files.
2022-12-20 11:21:34,517 [Worker-18: Building] INFO  o.e.m.c.i.embedder.EclipseLogger - skip non existing resourceDirectory /Users/hdiniz/Desktop/WorkRedis/ServiceMiddlewareRedis/ServiceMiddlewareCEPRedis/src/test/resources
2022-12-20 11:21:45,714 [Worker-18: Building] INFO  o.e.m.c.i.embedder.EclipseLogger - Using 'UTF-8' encoding to copy filtered resources.
2022-12-20 11:21:45,715 [Worker-18: Building] INFO  o.e.m.c.i.embedder.EclipseLogger - Using 'UTF-8' encoding to copy filtered properties files.
2022-12-20 11:21:45,715 [Worker-18: Building] INFO  o.e.m.c.i.embedder.EclipseLogger - Copying 1 resource
2022-12-20 11:21:45,755 [Worker-18: Building] INFO  o.e.m.c.i.embedder.EclipseLogger - Copying 0 resource
2022-12-20 11:21:45,760 [Worker-18: Building] INFO  o.e.m.c.i.embedder.EclipseLogger - Using 'UTF-8' encoding to copy filtered resources.
2022-12-20 11:21:45,760 [Worker-18: Building] INFO  o.e.m.c.i.embedder.EclipseLogger - Using 'UTF-8' encoding to copy filtered properties files.
2022-12-20 11:21:45,760 [Worker-18: Building] INFO  o.e.m.c.i.embedder.EclipseLogger - skip non existing resourceDirectory /Users/hdiniz/Desktop/WorkRedis/ServiceMiddlewareRedis/ServiceMiddlewareCEPRedis/src/test/resources
2022-12-20 11:21:51,770 [Worker-9: Building] INFO  o.e.m.c.i.embedder.EclipseLogger - Using 'UTF-8' encoding to copy filtered resources.
2022-12-20 11:21:51,771 [Worker-9: Building] INFO  o.e.m.c.i.embedder.EclipseLogger - Using 'UTF-8' encoding to copy filtered properties files.
2022-12-20 11:21:51,771 [Worker-9: Building] INFO  o.e.m.c.i.embedder.EclipseLogger - Copying 1 resource
2022-12-20 11:21:51,797 [Worker-9: Building] INFO  o.e.m.c.i.embedder.EclipseLogger - Copying 0 resource
2022-12-20 11:21:51,803 [Worker-9: Building] INFO  o.e.m.c.i.embedder.EclipseLogger - Using 'UTF-8' encoding to copy filtered resources.
2022-12-20 11:21:51,804 [Worker-9: Building] INFO  o.e.m.c.i.embedder.EclipseLogger - Using 'UTF-8' encoding to copy filtered properties files.
2022-12-20 11:21:51,804 [Worker-9: Building] INFO  o.e.m.c.i.embedder.EclipseLogger - skip non existing resourceDirectory /Users/hdiniz/Desktop/WorkRedis/ServiceMiddlewareRedis/ServiceMiddlewareCEPRedis/src/test/resources
2022-12-20 11:22:21,316 [Worker-13: Building] INFO  o.e.m.c.i.embedder.EclipseLogger - Using 'UTF-8' encoding to copy filtered resources.
2022-12-20 11:22:21,317 [Worker-13: Building] INFO  o.e.m.c.i.embedder.EclipseLogger - Using 'UTF-8' encoding to copy filtered properties files.
2022-12-20 11:22:21,329 [Worker-13: Building] INFO  o.e.m.c.i.embedder.EclipseLogger - Copying 1 resource
2022-12-20 11:22:21,409 [Worker-13: Building] INFO  o.e.m.c.i.embedder.EclipseLogger - Copying 0 resource
2022-12-20 11:22:21,414 [Worker-13: Building] INFO  o.e.m.c.i.embedder.EclipseLogger - Using 'UTF-8' encoding to copy filtered resources.
2022-12-20 11:22:21,414 [Worker-13: Building] INFO  o.e.m.c.i.embedder.EclipseLogger - Using 'UTF-8' encoding to copy filtered properties files.
2022-12-20 11:22:21,414 [Worker-13: Building] INFO  o.e.m.c.i.embedder.EclipseLogger - skip non existing resourceDirectory /Users/hdiniz/Desktop/WorkRedis/ServiceMiddlewareRedis/ServiceMiddlewareCEPRedis/src/test/resources
2022-12-20 11:29:34,561 [Worker-22: Building] INFO  o.e.m.c.i.embedder.EclipseLogger - Using 'UTF-8' encoding to copy filtered resources.
2022-12-20 11:29:34,562 [Worker-22: Building] INFO  o.e.m.c.i.embedder.EclipseLogger - Using 'UTF-8' encoding to copy filtered properties files.
2022-12-20 11:29:34,563 [Worker-22: Building] INFO  o.e.m.c.i.embedder.EclipseLogger - Copying 1 resource
2022-12-20 11:29:34,589 [Worker-22: Building] INFO  o.e.m.c.i.embedder.EclipseLogger - Copying 0 resource
2022-12-20 11:29:34,599 [Worker-22: Building] INFO  o.e.m.c.i.embedder.EclipseLogger - Using 'UTF-8' encoding to copy filtered resources.
2022-12-20 11:29:34,599 [Worker-22: Building] INFO  o.e.m.c.i.embedder.EclipseLogger - Using 'UTF-8' encoding to copy filtered properties files.
2022-12-20 11:29:34,599 [Worker-22: Building] INFO  o.e.m.c.i.embedder.EclipseLogger - skip non existing resourceDirectory /Users/hdiniz/Desktop/WorkRedis/ServiceMiddlewareRedis/ServiceMiddlewareCEPRedis/src/test/resources
2022-12-20 11:29:45,731 [Worker-17: Building] INFO  o.e.m.c.i.embedder.EclipseLogger - Using 'UTF-8' encoding to copy filtered resources.
2022-12-20 11:29:45,731 [Worker-17: Building] INFO  o.e.m.c.i.embedder.EclipseLogger - Using 'UTF-8' encoding to copy filtered properties files.
2022-12-20 11:29:45,733 [Worker-17: Building] INFO  o.e.m.c.i.embedder.EclipseLogger - Copying 1 resource
2022-12-20 11:29:45,742 [Worker-17: Building] INFO  o.e.m.c.i.embedder.EclipseLogger - Copying 0 resource
2022-12-20 11:29:45,750 [Worker-17: Building] INFO  o.e.m.c.i.embedder.EclipseLogger - Using 'UTF-8' encoding to copy filtered resources.
2022-12-20 11:29:45,750 [Worker-17: Building] INFO  o.e.m.c.i.embedder.EclipseLogger - Using 'UTF-8' encoding to copy filtered properties files.
2022-12-20 11:29:45,750 [Worker-17: Building] INFO  o.e.m.c.i.embedder.EclipseLogger - skip non existing resourceDirectory /Users/hdiniz/Desktop/WorkRedis/ServiceMiddlewareRedis/ServiceMiddlewareCEPRedis/src/test/resources
2022-12-20 11:30:09,206 [Worker-18: Building] INFO  o.e.m.c.i.embedder.EclipseLogger - Using 'UTF-8' encoding to copy filtered resources.
2022-12-20 11:30:09,206 [Worker-18: Building] INFO  o.e.m.c.i.embedder.EclipseLogger - Using 'UTF-8' encoding to copy filtered properties files.
2022-12-20 11:30:09,206 [Worker-18: Building] INFO  o.e.m.c.i.embedder.EclipseLogger - Copying 1 resource
2022-12-20 11:30:09,213 [Worker-18: Building] INFO  o.e.m.c.i.embedder.EclipseLogger - Copying 0 resource
2022-12-20 11:30:09,304 [Worker-18: Building] INFO  o.e.m.c.i.embedder.EclipseLogger - Using 'UTF-8' encoding to copy filtered resources.
2022-12-20 11:30:09,304 [Worker-18: Building] INFO  o.e.m.c.i.embedder.EclipseLogger - Using 'UTF-8' encoding to copy filtered properties files.
2022-12-20 11:30:09,305 [Worker-18: Building] INFO  o.e.m.c.i.embedder.EclipseLogger - skip non existing resourceDirectory /Users/hdiniz/Desktop/WorkRedis/ServiceMiddlewareRedis/ServiceMiddlewareCEPRedis/src/test/resources
2022-12-20 11:31:11,593 [Worker-18: Building] INFO  o.e.m.c.i.embedder.EclipseLogger - Using 'UTF-8' encoding to copy filtered resources.
2022-12-20 11:31:11,593 [Worker-18: Building] INFO  o.e.m.c.i.embedder.EclipseLogger - Using 'UTF-8' encoding to copy filtered properties files.
2022-12-20 11:31:11,594 [Worker-18: Building] INFO  o.e.m.c.i.embedder.EclipseLogger - Copying 1 resource
2022-12-20 11:31:11,620 [Worker-18: Building] INFO  o.e.m.c.i.embedder.EclipseLogger - Copying 0 resource
2022-12-20 11:31:11,623 [Worker-18: Building] INFO  o.e.m.c.i.embedder.EclipseLogger - Using 'UTF-8' encoding to copy filtered resources.
2022-12-20 11:31:11,623 [Worker-18: Building] INFO  o.e.m.c.i.embedder.EclipseLogger - Using 'UTF-8' encoding to copy filtered properties files.
2022-12-20 11:31:11,623 [Worker-18: Building] INFO  o.e.m.c.i.embedder.EclipseLogger - skip non existing resourceDirectory /Users/hdiniz/Desktop/WorkRedis/ServiceMiddlewareRedis/ServiceMiddlewareCEPRedis/src/test/resources
2022-12-20 11:31:43,418 [Worker-18: Building] INFO  o.e.m.c.i.embedder.EclipseLogger - Using 'UTF-8' encoding to copy filtered resources.
2022-12-20 11:31:43,418 [Worker-18: Building] INFO  o.e.m.c.i.embedder.EclipseLogger - Using 'UTF-8' encoding to copy filtered properties files.
2022-12-20 11:31:43,419 [Worker-18: Building] INFO  o.e.m.c.i.embedder.EclipseLogger - Copying 1 resource
2022-12-20 11:31:43,432 [Worker-18: Building] INFO  o.e.m.c.i.embedder.EclipseLogger - Copying 0 resource
2022-12-20 11:31:43,436 [Worker-18: Building] INFO  o.e.m.c.i.embedder.EclipseLogger - Using 'UTF-8' encoding to copy filtered resources.
2022-12-20 11:31:43,436 [Worker-18: Building] INFO  o.e.m.c.i.embedder.EclipseLogger - Using 'UTF-8' encoding to copy filtered properties files.
2022-12-20 11:31:43,436 [Worker-18: Building] INFO  o.e.m.c.i.embedder.EclipseLogger - skip non existing resourceDirectory /Users/hdiniz/Desktop/WorkRedis/ServiceMiddlewareRedis/ServiceMiddlewareCEPRedis/src/test/resources
2022-12-20 11:35:22,231 [Worker-18: Building] INFO  o.e.m.c.i.embedder.EclipseLogger - Using 'UTF-8' encoding to copy filtered resources.
2022-12-20 11:35:22,231 [Worker-18: Building] INFO  o.e.m.c.i.embedder.EclipseLogger - Using 'UTF-8' encoding to copy filtered properties files.
2022-12-20 11:35:22,232 [Worker-18: Building] INFO  o.e.m.c.i.embedder.EclipseLogger - Copying 1 resource
2022-12-20 11:35:22,239 [Worker-18: Building] INFO  o.e.m.c.i.embedder.EclipseLogger - Copying 0 resource
2022-12-20 11:35:22,242 [Worker-18: Building] INFO  o.e.m.c.i.embedder.EclipseLogger - Using 'UTF-8' encoding to copy filtered resources.
2022-12-20 11:35:22,243 [Worker-18: Building] INFO  o.e.m.c.i.embedder.EclipseLogger - Using 'UTF-8' encoding to copy filtered properties files.
2022-12-20 11:35:22,243 [Worker-18: Building] INFO  o.e.m.c.i.embedder.EclipseLogger - skip non existing resourceDirectory /Users/hdiniz/Desktop/WorkRedis/ServiceMiddlewareRedis/ServiceMiddlewareCEPRedis/src/test/resources
2022-12-20 11:37:04,022 [Worker-18: Building] INFO  o.e.m.c.i.embedder.EclipseLogger - Using 'UTF-8' encoding to copy filtered resources.
2022-12-20 11:37:04,022 [Worker-18: Building] INFO  o.e.m.c.i.embedder.EclipseLogger - Using 'UTF-8' encoding to copy filtered properties files.
2022-12-20 11:37:04,022 [Worker-18: Building] INFO  o.e.m.c.i.embedder.EclipseLogger - Copying 1 resource
2022-12-20 11:37:04,029 [Worker-18: Building] INFO  o.e.m.c.i.embedder.EclipseLogger - Copying 0 resource
2022-12-20 11:37:04,032 [Worker-18: Building] INFO  o.e.m.c.i.embedder.EclipseLogger - Using 'UTF-8' encoding to copy filtered resources.
2022-12-20 11:37:04,032 [Worker-18: Building] INFO  o.e.m.c.i.embedder.EclipseLogger - Using 'UTF-8' encoding to copy filtered properties files.
2022-12-20 11:37:04,032 [Worker-18: Building] INFO  o.e.m.c.i.embedder.EclipseLogger - skip non existing resourceDirectory /Users/hdiniz/Desktop/WorkRedis/ServiceMiddlewareRedis/ServiceMiddlewareCEPRedis/src/test/resources
2022-12-20 11:37:08,959 [Worker-22: Launching ServiceMiddlewareCEPRedis - Application] ERROR o.e.m2e.jdt.internal.ModuleSupport - null
org.eclipse.jdt.internal.compiler.classfmt.ClassFormatException: null
	at org.eclipse.jdt.internal.compiler.classfmt.ClassFileReader.<init>(ClassFileReader.java:486)
	at org.eclipse.jdt.internal.compiler.classfmt.ClassFileReader.<init>(ClassFileReader.java:184)
	at org.eclipse.jdt.internal.compiler.classfmt.ClassFileReader.read(ClassFileReader.java:162)
	at org.eclipse.jdt.internal.compiler.classfmt.ClassFileReader.read(ClassFileReader.java:133)
	at org.eclipse.m2e.jdt.internal.ModuleSupport.getModuleInfo(ModuleSupport.java:246)
	at org.eclipse.m2e.jdt.internal.ModuleSupport.getModuleInfo(ModuleSupport.java:190)
	at org.eclipse.m2e.jdt.internal.ModuleSupport.configureClasspath(ModuleSupport.java:121)
	at org.eclipse.m2e.jdt.internal.AbstractJavaProjectConfigurator.configureClasspath(AbstractJavaProjectConfigurator.java:800)
	at org.eclipse.m2e.jdt.internal.DefaultClasspathManagerDelegate.populateClasspath(DefaultClasspathManagerDelegate.java:67)
	at org.eclipse.m2e.jdt.internal.BuildPathManager.getClasspath(BuildPathManager.java:269)
	at org.eclipse.m2e.jdt.internal.BuildPathManager.getClasspath(BuildPathManager.java:386)
	at org.eclipse.m2e.jdt.internal.launch.MavenRuntimeClasspathProvider.addMavenClasspathEntries(MavenRuntimeClasspathProvider.java:205)
	at org.eclipse.m2e.jdt.internal.launch.MavenRuntimeClasspathProvider.resolveClasspath0(MavenRuntimeClasspathProvider.java:176)
	at org.eclipse.m2e.jdt.internal.launch.MavenRuntimeClasspathProvider.lambda$1(MavenRuntimeClasspathProvider.java:158)
	at org.eclipse.m2e.core.internal.embedder.MavenExecutionContext.executeBare(MavenExecutionContext.java:179)
	at org.eclipse.m2e.core.internal.embedder.MavenExecutionContext.execute(MavenExecutionContext.java:153)
	at org.eclipse.m2e.core.internal.embedder.MavenExecutionContext.execute(MavenExecutionContext.java:101)
	at org.eclipse.m2e.core.internal.embedder.MavenImpl.execute(MavenImpl.java:1374)
	at org.eclipse.m2e.jdt.internal.launch.MavenRuntimeClasspathProvider.resolveClasspath(MavenRuntimeClasspathProvider.java:158)
	at org.springframework.ide.eclipse.boot.launch.BootMavenClassPathProvider.resolveClasspath(BootMavenClassPathProvider.java:24)
	at org.eclipse.jdt.internal.launching.RuntimeClasspathProvider.resolveClasspath(RuntimeClasspathProvider.java:68)
	at org.eclipse.jdt.launching.JavaRuntime.resolveRuntimeClasspath(JavaRuntime.java:1662)
	at org.eclipse.jdt.launching.AbstractJavaLaunchConfigurationDelegate.getClasspath(AbstractJavaLaunchConfigurationDelegate.java:432)
	at org.springframework.ide.eclipse.boot.launch.AbstractBootLaunchConfigurationDelegate.getClasspath(AbstractBootLaunchConfigurationDelegate.java:414)
	at org.springframework.ide.eclipse.boot.launch.BootLaunchConfigurationDelegate.getClasspath(BootLaunchConfigurationDelegate.java:589)
	at org.eclipse.jdt.launching.JavaLaunchDelegate.getVMRunnerConfiguration(JavaLaunchDelegate.java:96)
	at org.eclipse.jdt.launching.JavaLaunchDelegate.launch(JavaLaunchDelegate.java:160)
	at org.springframework.ide.eclipse.boot.launch.AbstractBootLaunchConfigurationDelegate.launch(AbstractBootLaunchConfigurationDelegate.java:372)
	at org.springframework.ide.eclipse.boot.launch.BootLaunchConfigurationDelegate.launch(BootLaunchConfigurationDelegate.java:153)
	at org.eclipse.debug.internal.core.LaunchConfiguration.launch(LaunchConfiguration.java:807)
	at org.eclipse.debug.internal.core.LaunchConfiguration.launch(LaunchConfiguration.java:718)
	at org.eclipse.debug.internal.ui.DebugUIPlugin.buildAndLaunch(DebugUIPlugin.java:1021)
	at org.eclipse.debug.internal.ui.DebugUIPlugin$2.run(DebugUIPlugin.java:1224)
	at org.eclipse.core.internal.jobs.Worker.run(Worker.java:63)
2022-12-20 11:37:09,148 [Worker-22: Launching ServiceMiddlewareCEPRedis - Application] ERROR o.e.m2e.jdt.internal.ModuleSupport - null
org.eclipse.jdt.internal.compiler.classfmt.ClassFormatException: null
	at org.eclipse.jdt.internal.compiler.classfmt.ClassFileReader.<init>(ClassFileReader.java:486)
	at org.eclipse.jdt.internal.compiler.classfmt.ClassFileReader.<init>(ClassFileReader.java:184)
	at org.eclipse.jdt.internal.compiler.classfmt.ClassFileReader.read(ClassFileReader.java:162)
	at org.eclipse.jdt.internal.compiler.classfmt.ClassFileReader.read(ClassFileReader.java:133)
	at org.eclipse.m2e.jdt.internal.ModuleSupport.getModuleInfo(ModuleSupport.java:246)
	at org.eclipse.m2e.jdt.internal.ModuleSupport.getModuleInfo(ModuleSupport.java:190)
	at org.eclipse.m2e.jdt.internal.ModuleSupport.configureClasspath(ModuleSupport.java:121)
	at org.eclipse.m2e.jdt.internal.AbstractJavaProjectConfigurator.configureClasspath(AbstractJavaProjectConfigurator.java:800)
	at org.eclipse.m2e.jdt.internal.DefaultClasspathManagerDelegate.populateClasspath(DefaultClasspathManagerDelegate.java:67)
	at org.eclipse.m2e.jdt.internal.BuildPathManager.getClasspath(BuildPathManager.java:269)
	at org.eclipse.m2e.jdt.internal.BuildPathManager.getClasspath(BuildPathManager.java:386)
	at org.eclipse.m2e.jdt.internal.launch.MavenRuntimeClasspathProvider.addMavenClasspathEntries(MavenRuntimeClasspathProvider.java:205)
	at org.eclipse.m2e.jdt.internal.launch.MavenRuntimeClasspathProvider.resolveClasspath0(MavenRuntimeClasspathProvider.java:176)
	at org.eclipse.m2e.jdt.internal.launch.MavenRuntimeClasspathProvider.lambda$1(MavenRuntimeClasspathProvider.java:158)
	at org.eclipse.m2e.core.internal.embedder.MavenExecutionContext.executeBare(MavenExecutionContext.java:179)
	at org.eclipse.m2e.core.internal.embedder.MavenExecutionContext.execute(MavenExecutionContext.java:153)
	at org.eclipse.m2e.core.internal.embedder.MavenExecutionContext.execute(MavenExecutionContext.java:101)
	at org.eclipse.m2e.core.internal.embedder.MavenImpl.execute(MavenImpl.java:1374)
	at org.eclipse.m2e.jdt.internal.launch.MavenRuntimeClasspathProvider.resolveClasspath(MavenRuntimeClasspathProvider.java:158)
	at org.springframework.ide.eclipse.boot.launch.BootMavenClassPathProvider.resolveClasspath(BootMavenClassPathProvider.java:24)
	at org.eclipse.jdt.internal.launching.RuntimeClasspathProvider.resolveClasspath(RuntimeClasspathProvider.java:68)
	at org.eclipse.jdt.launching.JavaRuntime.resolveRuntimeClasspath(JavaRuntime.java:1662)
	at org.eclipse.jdt.launching.AbstractJavaLaunchConfigurationDelegate.getClasspathAndModulepath(AbstractJavaLaunchConfigurationDelegate.java:464)
	at org.springframework.ide.eclipse.boot.launch.AbstractBootLaunchConfigurationDelegate.getClasspathAndModulepath(AbstractBootLaunchConfigurationDelegate.java:401)
	at org.springframework.ide.eclipse.boot.launch.BootLaunchConfigurationDelegate.getClasspathAndModulepath(BootLaunchConfigurationDelegate.java:573)
	at org.eclipse.jdt.launching.JavaLaunchDelegate.getVMRunnerConfiguration(JavaLaunchDelegate.java:132)
	at org.eclipse.jdt.launching.JavaLaunchDelegate.launch(JavaLaunchDelegate.java:160)
	at org.springframework.ide.eclipse.boot.launch.AbstractBootLaunchConfigurationDelegate.launch(AbstractBootLaunchConfigurationDelegate.java:372)
	at org.springframework.ide.eclipse.boot.launch.BootLaunchConfigurationDelegate.launch(BootLaunchConfigurationDelegate.java:153)
	at org.eclipse.debug.internal.core.LaunchConfiguration.launch(LaunchConfiguration.java:807)
	at org.eclipse.debug.internal.core.LaunchConfiguration.launch(LaunchConfiguration.java:718)
	at org.eclipse.debug.internal.ui.DebugUIPlugin.buildAndLaunch(DebugUIPlugin.java:1021)
	at org.eclipse.debug.internal.ui.DebugUIPlugin$2.run(DebugUIPlugin.java:1224)
	at org.eclipse.core.internal.jobs.Worker.run(Worker.java:63)
2022-12-20 11:37:09,313 [Worker-22: Launching ServiceMiddlewareCEPRedis - Application] ERROR o.e.m2e.jdt.internal.ModuleSupport - null
org.eclipse.jdt.internal.compiler.classfmt.ClassFormatException: null
	at org.eclipse.jdt.internal.compiler.classfmt.ClassFileReader.<init>(ClassFileReader.java:486)
	at org.eclipse.jdt.internal.compiler.classfmt.ClassFileReader.<init>(ClassFileReader.java:184)
	at org.eclipse.jdt.internal.compiler.classfmt.ClassFileReader.read(ClassFileReader.java:162)
	at org.eclipse.jdt.internal.compiler.classfmt.ClassFileReader.read(ClassFileReader.java:133)
	at org.eclipse.m2e.jdt.internal.ModuleSupport.getModuleInfo(ModuleSupport.java:246)
	at org.eclipse.m2e.jdt.internal.ModuleSupport.getModuleInfo(ModuleSupport.java:190)
	at org.eclipse.m2e.jdt.internal.ModuleSupport.configureClasspath(ModuleSupport.java:121)
	at org.eclipse.m2e.jdt.internal.AbstractJavaProjectConfigurator.configureClasspath(AbstractJavaProjectConfigurator.java:800)
	at org.eclipse.m2e.jdt.internal.DefaultClasspathManagerDelegate.populateClasspath(DefaultClasspathManagerDelegate.java:67)
	at org.eclipse.m2e.jdt.internal.BuildPathManager.getClasspath(BuildPathManager.java:269)
	at org.eclipse.m2e.jdt.internal.BuildPathManager.getClasspath(BuildPathManager.java:386)
	at org.eclipse.m2e.jdt.internal.launch.MavenRuntimeClasspathProvider.addMavenClasspathEntries(MavenRuntimeClasspathProvider.java:205)
	at org.eclipse.m2e.jdt.internal.launch.MavenRuntimeClasspathProvider.resolveClasspath0(MavenRuntimeClasspathProvider.java:176)
	at org.eclipse.m2e.jdt.internal.launch.MavenRuntimeClasspathProvider.lambda$1(MavenRuntimeClasspathProvider.java:158)
	at org.eclipse.m2e.core.internal.embedder.MavenExecutionContext.executeBare(MavenExecutionContext.java:179)
	at org.eclipse.m2e.core.internal.embedder.MavenExecutionContext.execute(MavenExecutionContext.java:153)
	at org.eclipse.m2e.core.internal.embedder.MavenExecutionContext.execute(MavenExecutionContext.java:101)
	at org.eclipse.m2e.core.internal.embedder.MavenImpl.execute(MavenImpl.java:1374)
	at org.eclipse.m2e.jdt.internal.launch.MavenRuntimeClasspathProvider.resolveClasspath(MavenRuntimeClasspathProvider.java:158)
	at org.springframework.ide.eclipse.boot.launch.BootMavenClassPathProvider.resolveClasspath(BootMavenClassPathProvider.java:24)
	at org.eclipse.jdt.internal.launching.RuntimeClasspathProvider.resolveClasspath(RuntimeClasspathProvider.java:68)
	at org.eclipse.jdt.launching.JavaRuntime.resolveRuntimeClasspath(JavaRuntime.java:1662)
	at org.eclipse.jdt.launching.AbstractJavaLaunchConfigurationDelegate.getModuleCLIOptions(AbstractJavaLaunchConfigurationDelegate.java:1156)
	at org.eclipse.jdt.launching.JavaLaunchDelegate.getVMRunnerConfiguration(JavaLaunchDelegate.java:139)
	at org.eclipse.jdt.launching.JavaLaunchDelegate.launch(JavaLaunchDelegate.java:160)
	at org.springframework.ide.eclipse.boot.launch.AbstractBootLaunchConfigurationDelegate.launch(AbstractBootLaunchConfigurationDelegate.java:372)
	at org.springframework.ide.eclipse.boot.launch.BootLaunchConfigurationDelegate.launch(BootLaunchConfigurationDelegate.java:153)
	at org.eclipse.debug.internal.core.LaunchConfiguration.launch(LaunchConfiguration.java:807)
	at org.eclipse.debug.internal.core.LaunchConfiguration.launch(LaunchConfiguration.java:718)
	at org.eclipse.debug.internal.ui.DebugUIPlugin.buildAndLaunch(DebugUIPlugin.java:1021)
	at org.eclipse.debug.internal.ui.DebugUIPlugin$2.run(DebugUIPlugin.java:1224)
	at org.eclipse.core.internal.jobs.Worker.run(Worker.java:63)
2022-12-20 11:40:53,904 [Worker-18: Launching ServiceMiddlewareCEPRedis - Application] ERROR o.e.m2e.jdt.internal.ModuleSupport - null
org.eclipse.jdt.internal.compiler.classfmt.ClassFormatException: null
	at org.eclipse.jdt.internal.compiler.classfmt.ClassFileReader.<init>(ClassFileReader.java:486)
	at org.eclipse.jdt.internal.compiler.classfmt.ClassFileReader.<init>(ClassFileReader.java:184)
	at org.eclipse.jdt.internal.compiler.classfmt.ClassFileReader.read(ClassFileReader.java:162)
	at org.eclipse.jdt.internal.compiler.classfmt.ClassFileReader.read(ClassFileReader.java:133)
	at org.eclipse.m2e.jdt.internal.ModuleSupport.getModuleInfo(ModuleSupport.java:246)
	at org.eclipse.m2e.jdt.internal.ModuleSupport.getModuleInfo(ModuleSupport.java:190)
	at org.eclipse.m2e.jdt.internal.ModuleSupport.configureClasspath(ModuleSupport.java:121)
	at org.eclipse.m2e.jdt.internal.AbstractJavaProjectConfigurator.configureClasspath(AbstractJavaProjectConfigurator.java:800)
	at org.eclipse.m2e.jdt.internal.DefaultClasspathManagerDelegate.populateClasspath(DefaultClasspathManagerDelegate.java:67)
	at org.eclipse.m2e.jdt.internal.BuildPathManager.getClasspath(BuildPathManager.java:269)
	at org.eclipse.m2e.jdt.internal.BuildPathManager.getClasspath(BuildPathManager.java:386)
	at org.eclipse.m2e.jdt.internal.launch.MavenRuntimeClasspathProvider.addMavenClasspathEntries(MavenRuntimeClasspathProvider.java:205)
	at org.eclipse.m2e.jdt.internal.launch.MavenRuntimeClasspathProvider.resolveClasspath0(MavenRuntimeClasspathProvider.java:176)
	at org.eclipse.m2e.jdt.internal.launch.MavenRuntimeClasspathProvider.lambda$1(MavenRuntimeClasspathProvider.java:158)
	at org.eclipse.m2e.core.internal.embedder.MavenExecutionContext.executeBare(MavenExecutionContext.java:179)
	at org.eclipse.m2e.core.internal.embedder.MavenExecutionContext.execute(MavenExecutionContext.java:153)
	at org.eclipse.m2e.core.internal.embedder.MavenExecutionContext.execute(MavenExecutionContext.java:101)
	at org.eclipse.m2e.core.internal.embedder.MavenImpl.execute(MavenImpl.java:1374)
	at org.eclipse.m2e.jdt.internal.launch.MavenRuntimeClasspathProvider.resolveClasspath(MavenRuntimeClasspathProvider.java:158)
	at org.springframework.ide.eclipse.boot.launch.BootMavenClassPathProvider.resolveClasspath(BootMavenClassPathProvider.java:24)
	at org.eclipse.jdt.internal.launching.RuntimeClasspathProvider.resolveClasspath(RuntimeClasspathProvider.java:68)
	at org.eclipse.jdt.launching.JavaRuntime.resolveRuntimeClasspath(JavaRuntime.java:1662)
	at org.eclipse.jdt.launching.AbstractJavaLaunchConfigurationDelegate.getClasspath(AbstractJavaLaunchConfigurationDelegate.java:432)
	at org.springframework.ide.eclipse.boot.launch.AbstractBootLaunchConfigurationDelegate.getClasspath(AbstractBootLaunchConfigurationDelegate.java:414)
	at org.springframework.ide.eclipse.boot.launch.BootLaunchConfigurationDelegate.getClasspath(BootLaunchConfigurationDelegate.java:589)
	at org.eclipse.jdt.launching.JavaLaunchDelegate.getVMRunnerConfiguration(JavaLaunchDelegate.java:96)
	at org.eclipse.jdt.launching.JavaLaunchDelegate.launch(JavaLaunchDelegate.java:160)
	at org.springframework.ide.eclipse.boot.launch.AbstractBootLaunchConfigurationDelegate.launch(AbstractBootLaunchConfigurationDelegate.java:372)
	at org.springframework.ide.eclipse.boot.launch.BootLaunchConfigurationDelegate.launch(BootLaunchConfigurationDelegate.java:153)
	at org.eclipse.debug.internal.core.LaunchConfiguration.launch(LaunchConfiguration.java:807)
	at org.eclipse.debug.internal.core.LaunchConfiguration.launch(LaunchConfiguration.java:718)
	at org.eclipse.debug.internal.ui.DebugUIPlugin.buildAndLaunch(DebugUIPlugin.java:1021)
	at org.eclipse.debug.internal.ui.DebugUIPlugin$2.run(DebugUIPlugin.java:1224)
	at org.eclipse.core.internal.jobs.Worker.run(Worker.java:63)
2022-12-20 11:40:54,113 [Worker-18: Launching ServiceMiddlewareCEPRedis - Application] ERROR o.e.m2e.jdt.internal.ModuleSupport - null
org.eclipse.jdt.internal.compiler.classfmt.ClassFormatException: null
	at org.eclipse.jdt.internal.compiler.classfmt.ClassFileReader.<init>(ClassFileReader.java:486)
	at org.eclipse.jdt.internal.compiler.classfmt.ClassFileReader.<init>(ClassFileReader.java:184)
	at org.eclipse.jdt.internal.compiler.classfmt.ClassFileReader.read(ClassFileReader.java:162)
	at org.eclipse.jdt.internal.compiler.classfmt.ClassFileReader.read(ClassFileReader.java:133)
	at org.eclipse.m2e.jdt.internal.ModuleSupport.getModuleInfo(ModuleSupport.java:246)
	at org.eclipse.m2e.jdt.internal.ModuleSupport.getModuleInfo(ModuleSupport.java:190)
	at org.eclipse.m2e.jdt.internal.ModuleSupport.configureClasspath(ModuleSupport.java:121)
	at org.eclipse.m2e.jdt.internal.AbstractJavaProjectConfigurator.configureClasspath(AbstractJavaProjectConfigurator.java:800)
	at org.eclipse.m2e.jdt.internal.DefaultClasspathManagerDelegate.populateClasspath(DefaultClasspathManagerDelegate.java:67)
	at org.eclipse.m2e.jdt.internal.BuildPathManager.getClasspath(BuildPathManager.java:269)
	at org.eclipse.m2e.jdt.internal.BuildPathManager.getClasspath(BuildPathManager.java:386)
	at org.eclipse.m2e.jdt.internal.launch.MavenRuntimeClasspathProvider.addMavenClasspathEntries(MavenRuntimeClasspathProvider.java:205)
	at org.eclipse.m2e.jdt.internal.launch.MavenRuntimeClasspathProvider.resolveClasspath0(MavenRuntimeClasspathProvider.java:176)
	at org.eclipse.m2e.jdt.internal.launch.MavenRuntimeClasspathProvider.lambda$1(MavenRuntimeClasspathProvider.java:158)
	at org.eclipse.m2e.core.internal.embedder.MavenExecutionContext.executeBare(MavenExecutionContext.java:179)
	at org.eclipse.m2e.core.internal.embedder.MavenExecutionContext.execute(MavenExecutionContext.java:153)
	at org.eclipse.m2e.core.internal.embedder.MavenExecutionContext.execute(MavenExecutionContext.java:101)
	at org.eclipse.m2e.core.internal.embedder.MavenImpl.execute(MavenImpl.java:1374)
	at org.eclipse.m2e.jdt.internal.launch.MavenRuntimeClasspathProvider.resolveClasspath(MavenRuntimeClasspathProvider.java:158)
	at org.springframework.ide.eclipse.boot.launch.BootMavenClassPathProvider.resolveClasspath(BootMavenClassPathProvider.java:24)
	at org.eclipse.jdt.internal.launching.RuntimeClasspathProvider.resolveClasspath(RuntimeClasspathProvider.java:68)
	at org.eclipse.jdt.launching.JavaRuntime.resolveRuntimeClasspath(JavaRuntime.java:1662)
	at org.eclipse.jdt.launching.AbstractJavaLaunchConfigurationDelegate.getClasspathAndModulepath(AbstractJavaLaunchConfigurationDelegate.java:464)
	at org.springframework.ide.eclipse.boot.launch.AbstractBootLaunchConfigurationDelegate.getClasspathAndModulepath(AbstractBootLaunchConfigurationDelegate.java:401)
	at org.springframework.ide.eclipse.boot.launch.BootLaunchConfigurationDelegate.getClasspathAndModulepath(BootLaunchConfigurationDelegate.java:573)
	at org.eclipse.jdt.launching.JavaLaunchDelegate.getVMRunnerConfiguration(JavaLaunchDelegate.java:132)
	at org.eclipse.jdt.launching.JavaLaunchDelegate.launch(JavaLaunchDelegate.java:160)
	at org.springframework.ide.eclipse.boot.launch.AbstractBootLaunchConfigurationDelegate.launch(AbstractBootLaunchConfigurationDelegate.java:372)
	at org.springframework.ide.eclipse.boot.launch.BootLaunchConfigurationDelegate.launch(BootLaunchConfigurationDelegate.java:153)
	at org.eclipse.debug.internal.core.LaunchConfiguration.launch(LaunchConfiguration.java:807)
	at org.eclipse.debug.internal.core.LaunchConfiguration.launch(LaunchConfiguration.java:718)
	at org.eclipse.debug.internal.ui.DebugUIPlugin.buildAndLaunch(DebugUIPlugin.java:1021)
	at org.eclipse.debug.internal.ui.DebugUIPlugin$2.run(DebugUIPlugin.java:1224)
	at org.eclipse.core.internal.jobs.Worker.run(Worker.java:63)
2022-12-20 11:40:54,360 [Worker-18: Launching ServiceMiddlewareCEPRedis - Application] ERROR o.e.m2e.jdt.internal.ModuleSupport - null
org.eclipse.jdt.internal.compiler.classfmt.ClassFormatException: null
	at org.eclipse.jdt.internal.compiler.classfmt.ClassFileReader.<init>(ClassFileReader.java:486)
	at org.eclipse.jdt.internal.compiler.classfmt.ClassFileReader.<init>(ClassFileReader.java:184)
	at org.eclipse.jdt.internal.compiler.classfmt.ClassFileReader.read(ClassFileReader.java:162)
	at org.eclipse.jdt.internal.compiler.classfmt.ClassFileReader.read(ClassFileReader.java:133)
	at org.eclipse.m2e.jdt.internal.ModuleSupport.getModuleInfo(ModuleSupport.java:246)
	at org.eclipse.m2e.jdt.internal.ModuleSupport.getModuleInfo(ModuleSupport.java:190)
	at org.eclipse.m2e.jdt.internal.ModuleSupport.configureClasspath(ModuleSupport.java:121)
	at org.eclipse.m2e.jdt.internal.AbstractJavaProjectConfigurator.configureClasspath(AbstractJavaProjectConfigurator.java:800)
	at org.eclipse.m2e.jdt.internal.DefaultClasspathManagerDelegate.populateClasspath(DefaultClasspathManagerDelegate.java:67)
	at org.eclipse.m2e.jdt.internal.BuildPathManager.getClasspath(BuildPathManager.java:269)
	at org.eclipse.m2e.jdt.internal.BuildPathManager.getClasspath(BuildPathManager.java:386)
	at org.eclipse.m2e.jdt.internal.launch.MavenRuntimeClasspathProvider.addMavenClasspathEntries(MavenRuntimeClasspathProvider.java:205)
	at org.eclipse.m2e.jdt.internal.launch.MavenRuntimeClasspathProvider.resolveClasspath0(MavenRuntimeClasspathProvider.java:176)
	at org.eclipse.m2e.jdt.internal.launch.MavenRuntimeClasspathProvider.lambda$1(MavenRuntimeClasspathProvider.java:158)
	at org.eclipse.m2e.core.internal.embedder.MavenExecutionContext.executeBare(MavenExecutionContext.java:179)
	at org.eclipse.m2e.core.internal.embedder.MavenExecutionContext.execute(MavenExecutionContext.java:153)
	at org.eclipse.m2e.core.internal.embedder.MavenExecutionContext.execute(MavenExecutionContext.java:101)
	at org.eclipse.m2e.core.internal.embedder.MavenImpl.execute(MavenImpl.java:1374)
	at org.eclipse.m2e.jdt.internal.launch.MavenRuntimeClasspathProvider.resolveClasspath(MavenRuntimeClasspathProvider.java:158)
	at org.springframework.ide.eclipse.boot.launch.BootMavenClassPathProvider.resolveClasspath(BootMavenClassPathProvider.java:24)
	at org.eclipse.jdt.internal.launching.RuntimeClasspathProvider.resolveClasspath(RuntimeClasspathProvider.java:68)
	at org.eclipse.jdt.launching.JavaRuntime.resolveRuntimeClasspath(JavaRuntime.java:1662)
	at org.eclipse.jdt.launching.AbstractJavaLaunchConfigurationDelegate.getModuleCLIOptions(AbstractJavaLaunchConfigurationDelegate.java:1156)
	at org.eclipse.jdt.launching.JavaLaunchDelegate.getVMRunnerConfiguration(JavaLaunchDelegate.java:139)
	at org.eclipse.jdt.launching.JavaLaunchDelegate.launch(JavaLaunchDelegate.java:160)
	at org.springframework.ide.eclipse.boot.launch.AbstractBootLaunchConfigurationDelegate.launch(AbstractBootLaunchConfigurationDelegate.java:372)
	at org.springframework.ide.eclipse.boot.launch.BootLaunchConfigurationDelegate.launch(BootLaunchConfigurationDelegate.java:153)
	at org.eclipse.debug.internal.core.LaunchConfiguration.launch(LaunchConfiguration.java:807)
	at org.eclipse.debug.internal.core.LaunchConfiguration.launch(LaunchConfiguration.java:718)
	at org.eclipse.debug.internal.ui.DebugUIPlugin.buildAndLaunch(DebugUIPlugin.java:1021)
	at org.eclipse.debug.internal.ui.DebugUIPlugin$2.run(DebugUIPlugin.java:1224)
	at org.eclipse.core.internal.jobs.Worker.run(Worker.java:63)
2022-12-20 11:45:13,542 [Worker-28: Building] INFO  o.e.m.c.i.embedder.EclipseLogger - Using 'UTF-8' encoding to copy filtered resources.
2022-12-20 11:45:13,547 [Worker-28: Building] INFO  o.e.m.c.i.embedder.EclipseLogger - Using 'UTF-8' encoding to copy filtered properties files.
2022-12-20 11:45:13,549 [Worker-28: Building] INFO  o.e.m.c.i.embedder.EclipseLogger - Copying 1 resource
2022-12-20 11:45:13,558 [Worker-28: Building] INFO  o.e.m.c.i.embedder.EclipseLogger - Copying 0 resource
2022-12-20 11:45:13,562 [Worker-28: Building] INFO  o.e.m.c.i.embedder.EclipseLogger - Using 'UTF-8' encoding to copy filtered resources.
2022-12-20 11:45:13,562 [Worker-28: Building] INFO  o.e.m.c.i.embedder.EclipseLogger - Using 'UTF-8' encoding to copy filtered properties files.
2022-12-20 11:45:13,562 [Worker-28: Building] INFO  o.e.m.c.i.embedder.EclipseLogger - skip non existing resourceDirectory /Users/hdiniz/Desktop/WorkRedis/ServiceMiddlewareRedis/ServiceMiddlewareCEPRedis/src/test/resources
2022-12-20 11:45:32,569 [Worker-25: Building] INFO  o.e.m.c.i.embedder.EclipseLogger - Using 'UTF-8' encoding to copy filtered resources.
2022-12-20 11:45:32,570 [Worker-25: Building] INFO  o.e.m.c.i.embedder.EclipseLogger - Using 'UTF-8' encoding to copy filtered properties files.
2022-12-20 11:45:32,570 [Worker-25: Building] INFO  o.e.m.c.i.embedder.EclipseLogger - Copying 1 resource
2022-12-20 11:45:32,577 [Worker-25: Building] INFO  o.e.m.c.i.embedder.EclipseLogger - Copying 0 resource
2022-12-20 11:45:32,579 [Worker-25: Building] INFO  o.e.m.c.i.embedder.EclipseLogger - Using 'UTF-8' encoding to copy filtered resources.
2022-12-20 11:45:32,580 [Worker-25: Building] INFO  o.e.m.c.i.embedder.EclipseLogger - Using 'UTF-8' encoding to copy filtered properties files.
2022-12-20 11:45:32,580 [Worker-25: Building] INFO  o.e.m.c.i.embedder.EclipseLogger - skip non existing resourceDirectory /Users/hdiniz/Desktop/WorkRedis/ServiceMiddlewareRedis/ServiceMiddlewareCEPRedis/src/test/resources
2022-12-20 11:46:24,671 [Worker-29: Building] INFO  o.e.m.c.i.embedder.EclipseLogger - Using 'UTF-8' encoding to copy filtered resources.
2022-12-20 11:46:24,674 [Worker-29: Building] INFO  o.e.m.c.i.embedder.EclipseLogger - Using 'UTF-8' encoding to copy filtered properties files.
2022-12-20 11:46:24,678 [Worker-29: Building] INFO  o.e.m.c.i.embedder.EclipseLogger - Copying 1 resource
2022-12-20 11:46:24,688 [Worker-29: Building] INFO  o.e.m.c.i.embedder.EclipseLogger - Copying 0 resource
2022-12-20 11:46:24,690 [Worker-29: Building] INFO  o.e.m.c.i.embedder.EclipseLogger - Using 'UTF-8' encoding to copy filtered resources.
2022-12-20 11:46:24,690 [Worker-29: Building] INFO  o.e.m.c.i.embedder.EclipseLogger - Using 'UTF-8' encoding to copy filtered properties files.
2022-12-20 11:46:24,691 [Worker-29: Building] INFO  o.e.m.c.i.embedder.EclipseLogger - skip non existing resourceDirectory /Users/hdiniz/Desktop/WorkRedis/ServiceMiddlewareRedis/ServiceMiddlewareCEPRedis/src/test/resources
